<?xml version="1.0" encoding="UTF-8"?>
<!-- Generated by org.testng.reporters.JUnitXMLReporter -->
<testsuite ignored="0" hostname="Muhammads-MacBook-Pro.local" failures="0" tests="8" name="Default test" time="7.695" errors="0" timestamp="2025-06-22T15:56:53 BST">
  <testcase classname="Tests.RegisterNewUserPageFieldCheck" name="navigateToNewUserPage" time="1.782"/>
  <testcase classname="Tests.RegisterNewUserPageFieldCheck" name="verifyWarningError" time="0.053"/>
  <testcase classname="Tests.RegisterNewUserPageFieldCheck" name="verifyFNameError" time="0.039"/>
  <testcase classname="Tests.RegisterNewUserPageFieldCheck" name="verifyLNameError" time="0.035"/>
  <testcase classname="Tests.RegisterNewUserPageFieldCheck" name="verifyEmailError" time="0.035"/>
  <testcase classname="Tests.RegisterNewUserPageFieldCheck" name="verifyTelephoneError" time="0.037"/>
  <testcase classname="Tests.RegisterNewUserPageFieldCheck" name="verifyPasswordError" time="0.036"/>
  <testcase classname="Tests.RegisterNewUserPageFieldCheck" name="passwordMatchErrorVerification" time="0.721"/>
</testsuite> <!-- Default test -->
