<?xml version="1.0" encoding="UTF-8"?>
<!-- Generated by org.testng.reporters.JUnitXMLReporter -->
<testsuite ignored="2" hostname="Muhammads-MBP.communityfibre.co.uk" failures="0" tests="27" name="/Users/muhammadqaiser/Documents/Automation Stuff/IntelliJ IDEA/openCartProject/Opencart/src/main/java/Tests/RegisterNewUserTest.java" time="54.902" errors="0" timestamp="2025-09-21T16:07:14 BST">
  <testcase classname="Tests.LoginTest" name="navigateToLogin" time="2.755"/>
  <testcase classname="Tests.LoginTest" name="ValidLoginToApp" time="0.667"/>
  <testcase classname="Tests.LoginTest" name="logOutOfApp" time="0.927"/>
  <testcase classname="Tests.LoginPageFieldsCheck" name="navigateToLogin" time="0.69"/>
  <testcase classname="Tests.LoginPageFieldsCheck" name="checkEmailFieldError" time="0.92"/>
  <testcase classname="Tests.LoginPageFieldsCheck" name="checkPasswordFieldError" time="0.574"/>
  <testcase classname="Tests.LoginPageFieldsCheck" name="readListOnRightOfPage" time="0.186"/>
  <testcase classname="Tests.RegisterNewUserTest" name="newUserPageNavigationByDifferentWays" time="1.72"/>
  <testcase classname="Tests.RegisterNewUserTest" name="registerNewUser" time="2.618"/>
  <testcase classname="Tests.RegisterNewUserTest" name="verifyAccountCreatedText" time="0.046"/>
  <testcase classname="Tests.RegisterNewUserTest" name="verifyCongratulationsText" time="0.026"/>
  <testcase classname="Tests.RegisterNewUserTest" name="verifyAdvantageText" time="0.028"/>
  <testcase classname="Tests.RegisterNewUserTest" name="verifyAnyQuestionText" time="0.029"/>
  <testcase classname="Tests.RegisterNewUserTest" name="verifyConfermationHasBeenSentText" time="0.03"/>
  <testcase classname="Tests.RegisterNewUserTest" name="checkContinueButtonDisplays" time="0.032"/>
  <testcase classname="Tests.RegisterNewUserTest" name="clickOnContinueButton" time="0.377"/>
  <testcase classname="Tests.RegisterNewUserPageFieldCheck" name="navigateToNewUserPage" time="2.088"/>
  <testcase classname="Tests.RegisterNewUserPageFieldCheck" name="verifyWarningError" time="0.04"/>
  <testcase classname="Tests.RegisterNewUserPageFieldCheck" name="verifyFNameError" time="0.032"/>
  <testcase classname="Tests.RegisterNewUserPageFieldCheck" name="verifyLNameError" time="0.029"/>
  <testcase classname="Tests.RegisterNewUserPageFieldCheck" name="verifyEmailError" time="0.029"/>
  <testcase classname="Tests.RegisterNewUserPageFieldCheck" name="verifyTelephoneError" time="0.03"/>
  <testcase classname="Tests.RegisterNewUserPageFieldCheck" name="verifyPasswordError" time="0.031"/>
  <testcase classname="Tests.RegisterNewUserPageFieldCheck" name="passwordMatchErrorVerification" time="0.733"/>
  <testcase classname="Tests.RegisterNewUserPageFieldCheck" name="verifyEmailAlreadyExistMessage" time="1.396"/>
  <testcase classname="Tests.RegisterNewUserPageFieldCheck" name="verifyHalfEmail2" time="1.099"/>
  <testcase classname="Tests.RegisterNewUserPageFieldCheck" name="verifyAstarikWithMandatoryFields" time="0.037"/>
  <testcase classname="Tests.RegisterNewUserTest" name="registerUserWithWrongPhoneNumber" time="0.0">
    <ignored/>
  </testcase> <!-- registerUserWithWrongPhoneNumber -->
  <testcase classname="Tests.RegisterNewUserPageFieldCheck" name="verifyHalfEmail1" time="0.0">
    <ignored/>
  </testcase> <!-- verifyHalfEmail1 -->
</testsuite> <!-- /Users/muhammadqaiser/Documents/Automation Stuff/IntelliJ IDEA/openCartProject/Opencart/src/main/java/Tests/RegisterNewUserTest.java -->
