<?xml version="1.0" encoding="UTF-8"?>
<!-- Generated by org.testng.reporters.JUnitXMLReporter -->
<testsuite ignored="1" hostname="MacBookPro.communityfibre.co.uk" failures="0" tests="12" name="/Users/muhammadqaiser/Documents/Automation Stuff/IntelliJ IDEA/openCartProject/Opencart/src/main/java/Tests/RegisterNewUserPageFieldCheck.java" time="43.851" errors="0" timestamp="2025-12-17T13:19:59 GMT">
  <testcase classname="Tests.LoginTest" name="navigateToLogin" time="0.397"/>
  <testcase classname="Tests.LoginTest" name="ValidLoginToApp" time="1.188"/>
  <testcase classname="Tests.LoginTest" name="logOutOfApp" time="0.603"/>
  <testcase classname="Tests.RegisterNewUserTest" name="newUserPageNavigationByDifferentWays" time="1.251"/>
  <testcase classname="Tests.RegisterNewUserTest" name="registerNewUser" time="1.913"/>
  <testcase classname="Tests.RegisterNewUserTest" name="verifyAccountCreatedText" time="0.022"/>
  <testcase classname="Tests.RegisterNewUserTest" name="verifyCongratulationsText" time="0.017"/>
  <testcase classname="Tests.RegisterNewUserTest" name="verifyAdvantageText" time="0.017"/>
  <testcase classname="Tests.RegisterNewUserTest" name="verifyAnyQuestionText" time="0.019"/>
  <testcase classname="Tests.RegisterNewUserTest" name="verifyConfermationHasBeenSentText" time="0.018"/>
  <testcase classname="Tests.RegisterNewUserTest" name="checkContinueButtonDisplays" time="0.019"/>
  <testcase classname="Tests.RegisterNewUserTest" name="clickOnContinueButton" time="0.307"/>
  <testcase classname="Tests.RegisterNewUserTest" name="registerUserWithWrongPhoneNumber" time="0.0">
    <ignored/>
  </testcase> <!-- registerUserWithWrongPhoneNumber -->
</testsuite> <!-- /Users/muhammadqaiser/Documents/Automation Stuff/IntelliJ IDEA/openCartProject/Opencart/src/main/java/Tests/RegisterNewUserPageFieldCheck.java -->
