<?xml version="1.0" encoding="UTF-8"?>
<!-- Generated by org.testng.reporters.JUnitXMLReporter -->
<testsuite ignored="1" hostname="Muhammads-MBP.communityfibre.co.uk" failures="0" tests="12" name="/Users/muhammadqaiser/Documents/Automation Stuff/IntelliJ IDEA/openCartProject/Opencart/src/main/java/Tests/RegisterNewUserPageFieldCheck.java" time="26.414" errors="0" timestamp="2025-10-15T13:46:16 BST">
  <testcase classname="Tests.LoginTest" name="navigateToLogin" time="0.711"/>
  <testcase classname="Tests.LoginTest" name="ValidLoginToApp" time="1.397"/>
  <testcase classname="Tests.LoginTest" name="logOutOfApp" time="0.89"/>
  <testcase classname="Tests.RegisterNewUserTest" name="newUserPageNavigationByDifferentWays" time="2.577"/>
  <testcase classname="Tests.RegisterNewUserTest" name="registerNewUser" time="3.862"/>
  <testcase classname="Tests.RegisterNewUserTest" name="verifyAccountCreatedText" time="0.09"/>
  <testcase classname="Tests.RegisterNewUserTest" name="verifyCongratulationsText" time="0.076"/>
  <testcase classname="Tests.RegisterNewUserTest" name="verifyAdvantageText" time="0.057"/>
  <testcase classname="Tests.RegisterNewUserTest" name="verifyAnyQuestionText" time="0.057"/>
  <testcase classname="Tests.RegisterNewUserTest" name="verifyConfermationHasBeenSentText" time="0.064"/>
  <testcase classname="Tests.RegisterNewUserTest" name="checkContinueButtonDisplays" time="0.078"/>
  <testcase classname="Tests.RegisterNewUserTest" name="clickOnContinueButton" time="0.393"/>
  <testcase classname="Tests.RegisterNewUserTest" name="registerUserWithWrongPhoneNumber" time="0.0">
    <ignored/>
  </testcase> <!-- registerUserWithWrongPhoneNumber -->
</testsuite> <!-- /Users/muhammadqaiser/Documents/Automation Stuff/IntelliJ IDEA/openCartProject/Opencart/src/main/java/Tests/RegisterNewUserPageFieldCheck.java -->
