<?xml version="1.0" encoding="UTF-8"?>
<testng-results ignored="0" total="11" passed="11" failed="0" skipped="0">
  <reporter-output>
    <line>
      <![CDATA[Log: INFO Settingup driver]]>
    </line>
    <line>
      <![CDATA[Log: INFO Closing driver]]>
    </line>
    <line>
      <![CDATA[Log: INFO Settingup driver]]>
    </line>
    <line>
      <![CDATA[Log INFO: Email Generated is-------test15_28_07_01_2025@eamil.com]]>
    </line>
    <line>
      <![CDATA[Log: INFO Closing driver]]>
    </line>
  </reporter-output>
  <suite started-at="2025-01-29T15:27:55 GMT" name="All Test Suite" finished-at="2025-01-29T15:28:10 GMT" duration-ms="14403">
    <groups>
    </groups>
    <test started-at="2025-01-29T15:27:55 GMT" name="/Users/muhammadqaiser/Documents/Automation Stuff/IntelliJ IDEA/openCartProject/Opencart/src/main/java/Tests/RegisterNewUserPageFieldCheck.java" finished-at="2025-01-29T15:28:10 GMT" duration-ms="14403">
      <class name="Tests.RegisterNewUserTest">
        <test-method is-config="true" signature="setDriver()[pri:0, instance:Tests.RegisterNewUserTest@1807e3f6]" started-at="2025-01-29T15:28:02 GMT" name="setDriver" finished-at="2025-01-29T15:28:05 GMT" duration-ms="3687" status="PASS">
          <reporter-output>
            <line>
              <![CDATA[Log: INFO Settingup driver]]>
            </line>
          </reporter-output>
        </test-method> <!-- setDriver -->
        <test-method signature="newUserPageNavigationByDifferentWays()[pri:1, instance:Tests.RegisterNewUserTest@1807e3f6]" started-at="2025-01-29T15:28:05 GMT" name="newUserPageNavigationByDifferentWays" finished-at="2025-01-29T15:28:07 GMT" duration-ms="1868" status="PASS">
          <reporter-output>
          </reporter-output>
        </test-method> <!-- newUserPageNavigationByDifferentWays -->
        <test-method signature="registerNewUser()[pri:2, instance:Tests.RegisterNewUserTest@1807e3f6]" started-at="2025-01-29T15:28:07 GMT" name="registerNewUser" finished-at="2025-01-29T15:28:09 GMT" duration-ms="1841" status="PASS">
          <reporter-output>
            <line>
              <![CDATA[Log INFO: Email Generated is-------test15_28_07_01_2025@eamil.com]]>
            </line>
          </reporter-output>
        </test-method> <!-- registerNewUser -->
        <test-method signature="verifyAccountCreatedText()[pri:3, instance:Tests.RegisterNewUserTest@1807e3f6]" started-at="2025-01-29T15:28:09 GMT" name="verifyAccountCreatedText" finished-at="2025-01-29T15:28:09 GMT" duration-ms="47" status="PASS">
          <reporter-output>
          </reporter-output>
        </test-method> <!-- verifyAccountCreatedText -->
        <test-method signature="verifyCongratulationsText()[pri:4, instance:Tests.RegisterNewUserTest@1807e3f6]" started-at="2025-01-29T15:28:09 GMT" name="verifyCongratulationsText" finished-at="2025-01-29T15:28:09 GMT" duration-ms="31" status="PASS">
          <reporter-output>
          </reporter-output>
        </test-method> <!-- verifyCongratulationsText -->
        <test-method signature="verifyAdvantageText()[pri:5, instance:Tests.RegisterNewUserTest@1807e3f6]" started-at="2025-01-29T15:28:09 GMT" name="verifyAdvantageText" finished-at="2025-01-29T15:28:09 GMT" duration-ms="33" status="PASS">
          <reporter-output>
          </reporter-output>
        </test-method> <!-- verifyAdvantageText -->
        <test-method signature="verifyAnyQuestionText()[pri:6, instance:Tests.RegisterNewUserTest@1807e3f6]" started-at="2025-01-29T15:28:09 GMT" name="verifyAnyQuestionText" finished-at="2025-01-29T15:28:09 GMT" duration-ms="35" status="PASS">
          <reporter-output>
          </reporter-output>
        </test-method> <!-- verifyAnyQuestionText -->
        <test-method signature="verifyConfermationHasBeenSentText()[pri:7, instance:Tests.RegisterNewUserTest@1807e3f6]" started-at="2025-01-29T15:28:09 GMT" name="verifyConfermationHasBeenSentText" finished-at="2025-01-29T15:28:09 GMT" duration-ms="33" status="PASS">
          <reporter-output>
          </reporter-output>
        </test-method> <!-- verifyConfermationHasBeenSentText -->
        <test-method signature="checkContinueButtonDisplays()[pri:8, instance:Tests.RegisterNewUserTest@1807e3f6]" started-at="2025-01-29T15:28:09 GMT" name="checkContinueButtonDisplays" finished-at="2025-01-29T15:28:09 GMT" duration-ms="34" status="PASS">
          <reporter-output>
          </reporter-output>
        </test-method> <!-- checkContinueButtonDisplays -->
        <test-method signature="clickOnContinueButton()[pri:9, instance:Tests.RegisterNewUserTest@1807e3f6]" started-at="2025-01-29T15:28:09 GMT" name="clickOnContinueButton" finished-at="2025-01-29T15:28:10 GMT" duration-ms="349" status="PASS">
          <reporter-output>
          </reporter-output>
        </test-method> <!-- clickOnContinueButton -->
        <test-method is-config="true" signature="driverTearDown()[pri:0, instance:Tests.RegisterNewUserTest@1807e3f6]" started-at="2025-01-29T15:28:10 GMT" name="driverTearDown" finished-at="2025-01-29T15:28:10 GMT" duration-ms="149" status="PASS">
          <reporter-output>
            <line>
              <![CDATA[Log: INFO Closing driver]]>
            </line>
          </reporter-output>
        </test-method> <!-- driverTearDown -->
      </class> <!-- Tests.RegisterNewUserTest -->
      <class name="Tests.LoginTest">
        <test-method is-config="true" signature="setDriver()[pri:0, instance:Tests.LoginTest@15a34df2]" started-at="2025-01-29T15:27:55 GMT" name="setDriver" finished-at="2025-01-29T15:27:59 GMT" duration-ms="4189" status="PASS">
          <reporter-output>
            <line>
              <![CDATA[Log: INFO Settingup driver]]>
            </line>
          </reporter-output>
        </test-method> <!-- setDriver -->
        <test-method signature="navigateToLogin()[pri:0, instance:Tests.LoginTest@15a34df2]" started-at="2025-01-29T15:27:59 GMT" name="navigateToLogin" finished-at="2025-01-29T15:28:00 GMT" duration-ms="663" status="PASS">
          <reporter-output>
          </reporter-output>
        </test-method> <!-- navigateToLogin -->
        <test-method signature="ValidLoginToApp()[pri:1, instance:Tests.LoginTest@15a34df2]" started-at="2025-01-29T15:28:00 GMT" name="ValidLoginToApp" finished-at="2025-01-29T15:28:01 GMT" duration-ms="1208" status="PASS">
          <reporter-output>
          </reporter-output>
        </test-method> <!-- ValidLoginToApp -->
        <test-method is-config="true" signature="driverTearDown()[pri:0, instance:Tests.LoginTest@15a34df2]" started-at="2025-01-29T15:28:01 GMT" name="driverTearDown" finished-at="2025-01-29T15:28:02 GMT" duration-ms="184" status="PASS">
          <reporter-output>
            <line>
              <![CDATA[Log: INFO Closing driver]]>
            </line>
          </reporter-output>
        </test-method> <!-- driverTearDown -->
      </class> <!-- Tests.LoginTest -->
    </test> <!-- /Users/muhammadqaiser/Documents/Automation Stuff/IntelliJ IDEA/openCartProject/Opencart/src/main/java/Tests/RegisterNewUserPageFieldCheck.java -->
  </suite> <!-- All Test Suite -->
</testng-results>
