<?xml version="1.0" encoding="UTF-8"?>
<testsuite xmlns:xsi="http://www.w3.org/2001/XMLSchema-instance" xsi:noNamespaceSchemaLocation="https://maven.apache.org/surefire/maven-surefire-plugin/xsd/surefire-test-report.xsd" version="3.0.2" name="TestSuite" time="20.27" tests="18" errors="0" skipped="0" failures="0">
  <properties>
[...]
</properties>
  <testcase name="navigateToNewUserPage" classname="Tests.RegisterNewUserTest" time="0.848">
    <system-err><![CDATA[SLF4J: Failed to load class "org.slf4j.impl.StaticLoggerBinder".
SLF4J: Defaulting to no-operation (NOP) logger implementation
SLF4J: See http://www.slf4j.org/codes.html#StaticLoggerBinder for further details.
Jan 21, 2025 9:21:46 PM org.openqa.selenium.devtools.CdpVersionFinder findNearestMatch
WARNING: Unable to find an exact match for CDP version 132, returning the closest version; found: 131; Please update to a Selenium version that supports CDP version 132
]]></system-err>
  </testcase>
  <testcase name="registerNewUser" classname="Tests.RegisterNewUserTest" time="1.917">
    <system-out><![CDATA[Log INFO: Email Generated is-------test21_21_50_01_2025@eamil.com
]]></system-out>
  </testcase>
  <testcase name="verifyAccountCreatedText" classname="Tests.RegisterNewUserTest" time="0.046"/>
  <testcase name="verifyCongratulationsText" classname="Tests.RegisterNewUserTest" time="0.031"/>
  <testcase name="verifyAdvantageText" classname="Tests.RegisterNewUserTest" time="0.035"/>
  <testcase name="verifyAnyQuestionText" classname="Tests.RegisterNewUserTest" time="0.035"/>
  <testcase name="verifyConfermationHasBeenSentText" classname="Tests.RegisterNewUserTest" time="0.033"/>
  <testcase name="checkContinueButtonDisplays" classname="Tests.RegisterNewUserTest" time="0.035"/>
  <testcase name="clickOnContinueButton" classname="Tests.RegisterNewUserTest" time="0.499"/>
  <testcase name="navigateToLogin" classname="Tests.LoginTest" time="0.633">
    <system-out><![CDATA[PASSED: Tests.RegisterNewUserTest.checkContinueButtonDisplays
PASSED: Tests.RegisterNewUserTest.verifyAnyQuestionText
PASSED: Tests.RegisterNewUserTest.verifyConfermationHasBeenSentText
PASSED: Tests.RegisterNewUserTest.verifyCongratulationsText
PASSED: Tests.RegisterNewUserTest.navigateToNewUserPage
PASSED: Tests.RegisterNewUserTest.verifyAdvantageText
PASSED: Tests.RegisterNewUserTest.registerNewUser
PASSED: Tests.RegisterNewUserTest.verifyAccountCreatedText
PASSED: Tests.RegisterNewUserTest.clickOnContinueButton

===============================================
    /Users/muhammadqaiser/Documents/Automation Stuff/IntelliJ IDEA/openCartProject/Opencart/src/main/java/Tests/RegisterNewUserTest.java
    Tests run: 9, Failures: 0, Skips: 0
===============================================

]]></system-out>
    <system-err><![CDATA[Jan 21, 2025 9:21:54 PM org.openqa.selenium.devtools.CdpVersionFinder findNearestMatch
WARNING: Unable to find an exact match for CDP version 132, returning the closest version; found: 131; Please update to a Selenium version that supports CDP version 132
]]></system-err>
  </testcase>
  <testcase name="ValidLoginToApp" classname="Tests.LoginTest" time="1.229"/>
  <testcase name="navigateToNewUserPage" classname="Tests.RegisterNewUserPageFieldCheck" time="1.331">
    <system-out><![CDATA[PASSED: Tests.LoginTest.navigateToLogin
PASSED: Tests.LoginTest.ValidLoginToApp

===============================================
    /Users/muhammadqaiser/Documents/Automation Stuff/IntelliJ IDEA/openCartProject/Opencart/src/main/java/Tests/LoginTest.java
    Tests run: 2, Failures: 0, Skips: 0
===============================================

]]></system-out>
    <system-err><![CDATA[Jan 21, 2025 9:22:00 PM org.openqa.selenium.devtools.CdpVersionFinder findNearestMatch
WARNING: Unable to find an exact match for CDP version 132, returning the closest version; found: 131; Please update to a Selenium version that supports CDP version 132
]]></system-err>
  </testcase>
  <testcase name="verifyWarningError" classname="Tests.RegisterNewUserPageFieldCheck" time="0.059"/>
  <testcase name="verifyFNameError" classname="Tests.RegisterNewUserPageFieldCheck" time="0.041"/>
  <testcase name="verifyLNameError" classname="Tests.RegisterNewUserPageFieldCheck" time="0.034"/>
  <testcase name="verifyEmailError" classname="Tests.RegisterNewUserPageFieldCheck" time="0.038"/>
  <testcase name="verifyTelephoneError" classname="Tests.RegisterNewUserPageFieldCheck" time="0.033"/>
  <testcase name="verifyPasswordError" classname="Tests.RegisterNewUserPageFieldCheck" time="0.032"/>
</testsuite>