<?xml version="1.0" encoding="UTF-8"?>
<testng-results ignored="0" total="28" passed="25" failed="3" skipped="0">
  <reporter-output>
    <line>
      <![CDATA[Log: INFO Settingup driver]]>
    </line>
    <line>
      <![CDATA[Log: INFO Closing driver]]>
    </line>
    <line>
      <![CDATA[Log: INFO Settingup driver]]>
    </line>
    <line>
      <![CDATA[Login]]>
    </line>
    <line>
      <![CDATA[Register]]>
    </line>
    <line>
      <![CDATA[Forgotten Password]]>
    </line>
    <line>
      <![CDATA[My Account]]>
    </line>
    <line>
      <![CDATA[Address Book]]>
    </line>
    <line>
      <![CDATA[Wish List]]>
    </line>
    <line>
      <![CDATA[Order History]]>
    </line>
    <line>
      <![CDATA[Downloads]]>
    </line>
    <line>
      <![CDATA[Recurring payments]]>
    </line>
    <line>
      <![CDATA[Reward Points]]>
    </line>
    <line>
      <![CDATA[Returns]]>
    </line>
    <line>
      <![CDATA[Transactions]]>
    </line>
    <line>
      <![CDATA[Newsletter]]>
    </line>
    <line>
      <![CDATA[Log: INFO Closing driver]]>
    </line>
    <line>
      <![CDATA[Log: INFO Settingup driver]]>
    </line>
    <line>
      <![CDATA[Log INFO: Email Generated is-------test01_27_57_10_2025@eamil.com]]>
    </line>
    <line>
      <![CDATA[Created the user with NewsLetter option set to Yes, If needed as No Please change in the Config File  ]]>
    </line>
    <line>
      <![CDATA[Log: INFO Closing driver]]>
    </line>
    <line>
      <![CDATA[Log: INFO Settingup driver]]>
    </line>
    <line>
      <![CDATA[Log INFO: Email Generated is-------test01_28_11_10_2025@eamil.com]]>
    </line>
    <line>
      <![CDATA[Log: INFO Closing driver]]>
    </line>
  </reporter-output>
  <suite started-at="2025-10-13T01:27:25 BST" name="All Test Suite" finished-at="2025-10-13T01:28:13 BST" duration-ms="47846">
    <groups>
    </groups>
    <test started-at="2025-10-13T01:27:25 BST" name="/Users/muhammadqaiser/Documents/Automation Stuff/IntelliJ IDEA/openCartProject/Opencart/src/main/java/Tests/RegisterNewUserTest.java" finished-at="2025-10-13T01:28:13 BST" duration-ms="47846">
      <class name="Tests.RegisterNewUserTest">
        <test-method is-config="true" signature="setDriver()[pri:0, instance:Tests.RegisterNewUserTest@222a59e6]" started-at="2025-10-13T01:27:47 BST" name="setDriver" finished-at="2025-10-13T01:27:53 BST" duration-ms="6106" status="PASS">
          <reporter-output>
            <line>
              <![CDATA[Log: INFO Settingup driver]]>
            </line>
          </reporter-output>
        </test-method> <!-- setDriver -->
        <test-method signature="newUserPageNavigationByDifferentWays()[pri:1, instance:Tests.RegisterNewUserTest@222a59e6]" started-at="2025-10-13T01:27:53 BST" name="newUserPageNavigationByDifferentWays" finished-at="2025-10-13T01:27:56 BST" duration-ms="2256" status="PASS">
          <reporter-output>
          </reporter-output>
        </test-method> <!-- newUserPageNavigationByDifferentWays -->
        <test-method signature="registerNewUser()[pri:2, instance:Tests.RegisterNewUserTest@222a59e6]" started-at="2025-10-13T01:27:56 BST" name="registerNewUser" finished-at="2025-10-13T01:27:59 BST" duration-ms="3039" status="PASS">
          <reporter-output>
            <line>
              <![CDATA[Log INFO: Email Generated is-------test01_27_57_10_2025@eamil.com]]>
            </line>
            <line>
              <![CDATA[Created the user with NewsLetter option set to Yes, If needed as No Please change in the Config File  ]]>
            </line>
          </reporter-output>
        </test-method> <!-- registerNewUser -->
        <test-method signature="verifyAccountCreatedText()[pri:4, instance:Tests.RegisterNewUserTest@222a59e6]" started-at="2025-10-13T01:27:59 BST" name="verifyAccountCreatedText" finished-at="2025-10-13T01:27:59 BST" duration-ms="60" status="PASS">
          <reporter-output>
          </reporter-output>
        </test-method> <!-- verifyAccountCreatedText -->
        <test-method signature="verifyCongratulationsText()[pri:5, instance:Tests.RegisterNewUserTest@222a59e6]" started-at="2025-10-13T01:27:59 BST" name="verifyCongratulationsText" finished-at="2025-10-13T01:27:59 BST" duration-ms="45" status="PASS">
          <reporter-output>
          </reporter-output>
        </test-method> <!-- verifyCongratulationsText -->
        <test-method signature="verifyAdvantageText()[pri:6, instance:Tests.RegisterNewUserTest@222a59e6]" started-at="2025-10-13T01:27:59 BST" name="verifyAdvantageText" finished-at="2025-10-13T01:27:59 BST" duration-ms="63" status="PASS">
          <reporter-output>
          </reporter-output>
        </test-method> <!-- verifyAdvantageText -->
        <test-method signature="verifyAnyQuestionText()[pri:7, instance:Tests.RegisterNewUserTest@222a59e6]" started-at="2025-10-13T01:27:59 BST" name="verifyAnyQuestionText" finished-at="2025-10-13T01:27:59 BST" duration-ms="88" status="PASS">
          <reporter-output>
          </reporter-output>
        </test-method> <!-- verifyAnyQuestionText -->
        <test-method signature="verifyConfermationHasBeenSentText()[pri:8, instance:Tests.RegisterNewUserTest@222a59e6]" started-at="2025-10-13T01:27:59 BST" name="verifyConfermationHasBeenSentText" finished-at="2025-10-13T01:28:00 BST" duration-ms="94" status="PASS">
          <reporter-output>
          </reporter-output>
        </test-method> <!-- verifyConfermationHasBeenSentText -->
        <test-method signature="checkContinueButtonDisplays()[pri:9, instance:Tests.RegisterNewUserTest@222a59e6]" started-at="2025-10-13T01:28:00 BST" name="checkContinueButtonDisplays" finished-at="2025-10-13T01:28:00 BST" duration-ms="81" status="PASS">
          <reporter-output>
          </reporter-output>
        </test-method> <!-- checkContinueButtonDisplays -->
        <test-method signature="clickOnContinueButton()[pri:10, instance:Tests.RegisterNewUserTest@222a59e6]" started-at="2025-10-13T01:28:00 BST" name="clickOnContinueButton" finished-at="2025-10-13T01:28:00 BST" duration-ms="682" status="PASS">
          <reporter-output>
          </reporter-output>
        </test-method> <!-- clickOnContinueButton -->
        <test-method is-config="true" signature="driverTearDown()[pri:0, instance:Tests.RegisterNewUserTest@222a59e6]" started-at="2025-10-13T01:28:01 BST" name="driverTearDown" finished-at="2025-10-13T01:28:02 BST" duration-ms="1091" status="FAIL">
          <exception class="org.openqa.selenium.NoSuchSessionException">
            <message>
              <![CDATA[Tried to run command without establishing a connection
Build info: version: '4.36.0', revision: '6d115cfd87'
System info: os.name: 'Mac OS X', os.arch: 'x86_64', os.version: '15.7.1', java.version: '23.0.2'
Driver info: org.openqa.selenium.remote.RemoteWebDriver
Command: [652a8c18-e57b-4a6a-b6d3-7fc3bf8ba51d, quit {}]
Capabilities {acceptInsecureCerts: true, browserName: firefox, browserVersion: 142.0.1, container:hostname: 9812a3a92ecf, moz:accessibilityChecks: false, moz:buildID: 20250827004350, moz:firefoxOptions: {prefs: {remote.active-protocols: 1}}, moz:geckodriverVersion: 0.36.0, moz:headless: false, moz:platformVersion: 6.15.11-orbstack-00542-g4f4..., moz:processID: 3093, moz:profile: /tmp/rust_mozprofilefHrhOf, moz:shutdownTimeout: 60000, moz:webdriverClick: true, moz:windowless: false, pageLoadStrategy: normal, platformName: linux, proxy: Proxy(), se:bidiEnabled: false, se:cdpEnabled: false, se:containerName: 9812a3a92ecf, se:deleteSessionOnUi: true, se:downloadsEnabled: true, se:noVncPort: 7900, se:vnc: ws://192.168.97.4:4444/sess..., se:vncEnabled: true, se:vncLocalAddress: ws://192.168.97.4:7900, setWindowRect: true, strictFileInteractability: false, timeouts: {implicit: 0, pageLoad: 300000, script: 30000}, unhandledPromptBehavior: dismiss and notify, userAgent: Mozilla/5.0 (X11; Linux x86...}
Session ID: 652a8c18-e57b-4a6a-b6d3-7fc3bf8ba51d]]>
            </message>
            <full-stacktrace>
              <![CDATA[org.openqa.selenium.NoSuchSessionException: Tried to run command without establishing a connection
Build info: version: '4.36.0', revision: '6d115cfd87'
System info: os.name: 'Mac OS X', os.arch: 'x86_64', os.version: '15.7.1', java.version: '23.0.2'
Driver info: org.openqa.selenium.remote.RemoteWebDriver
Command: [652a8c18-e57b-4a6a-b6d3-7fc3bf8ba51d, quit {}]
Capabilities {acceptInsecureCerts: true, browserName: firefox, browserVersion: 142.0.1, container:hostname: 9812a3a92ecf, moz:accessibilityChecks: false, moz:buildID: 20250827004350, moz:firefoxOptions: {prefs: {remote.active-protocols: 1}}, moz:geckodriverVersion: 0.36.0, moz:headless: false, moz:platformVersion: 6.15.11-orbstack-00542-g4f4..., moz:processID: 3093, moz:profile: /tmp/rust_mozprofilefHrhOf, moz:shutdownTimeout: 60000, moz:webdriverClick: true, moz:windowless: false, pageLoadStrategy: normal, platformName: linux, proxy: Proxy(), se:bidiEnabled: false, se:cdpEnabled: false, se:containerName: 9812a3a92ecf, se:deleteSessionOnUi: true, se:downloadsEnabled: true, se:noVncPort: 7900, se:vnc: ws://192.168.97.4:4444/sess..., se:vncEnabled: true, se:vncLocalAddress: ws://192.168.97.4:7900, setWindowRect: true, strictFileInteractability: false, timeouts: {implicit: 0, pageLoad: 300000, script: 30000}, unhandledPromptBehavior: dismiss and notify, userAgent: Mozilla/5.0 (X11; Linux x86...}
Session ID: 652a8c18-e57b-4a6a-b6d3-7fc3bf8ba51d
at java.base/jdk.internal.reflect.DirectConstructorHandleAccessor.newInstance(DirectConstructorHandleAccessor.java:62)
at java.base/java.lang.reflect.Constructor.newInstanceWithCaller(Constructor.java:501)
at java.base/java.lang.reflect.Constructor.newInstance(Constructor.java:485)
at org.openqa.selenium.remote.ErrorCodec.decode(ErrorCodec.java:167)
at org.openqa.selenium.remote.codec.w3c.W3CHttpResponseCodec.decode(W3CHttpResponseCodec.java:138)
at org.openqa.selenium.remote.codec.w3c.W3CHttpResponseCodec.decode(W3CHttpResponseCodec.java:50)
at org.openqa.selenium.remote.HttpCommandExecutor.execute(HttpCommandExecutor.java:215)
at org.openqa.selenium.remote.TracedCommandExecutor.execute(TracedCommandExecutor.java:53)
at org.openqa.selenium.remote.RemoteWebDriver.execute(RemoteWebDriver.java:557)
at org.openqa.selenium.remote.RemoteWebDriver.execute(RemoteWebDriver.java:630)
at org.openqa.selenium.remote.RemoteWebDriver.execute(RemoteWebDriver.java:634)
at org.openqa.selenium.remote.RemoteWebDriver.quit(RemoteWebDriver.java:458)
at com.factory.BrowserFactory.closeDriver(BrowserFactory.java:123)
at com.Base.BaseClass.driverTearDown(BaseClass.java:30)
at java.base/jdk.internal.reflect.DirectMethodHandleAccessor.invoke(DirectMethodHandleAccessor.java:103)
at java.base/java.lang.reflect.Method.invoke(Method.java:580)
at org.testng.internal.invokers.MethodInvocationHelper.invokeMethod(MethodInvocationHelper.java:141)
at org.testng.internal.invokers.MethodInvocationHelper.invokeMethodConsideringTimeout(MethodInvocationHelper.java:71)
at org.testng.internal.invokers.ConfigInvoker.invokeConfigurationMethod(ConfigInvoker.java:400)
at org.testng.internal.invokers.ConfigInvoker.invokeConfigurations(ConfigInvoker.java:333)
at org.testng.internal.invokers.TestMethodWorker.invokeAfterClassConfigurations(TestMethodWorker.java:238)
at org.testng.internal.invokers.TestMethodWorker.invokeAfterClassMethods(TestMethodWorker.java:223)
at org.testng.internal.invokers.TestMethodWorker.run(TestMethodWorker.java:137)
at java.base/java.util.ArrayList.forEach(ArrayList.java:1597)
at org.testng.TestRunner.privateRun(TestRunner.java:739)
at org.testng.TestRunner.run(TestRunner.java:614)
at org.testng.SuiteRunner.runTest(SuiteRunner.java:421)
at org.testng.SuiteRunner.runSequentially(SuiteRunner.java:413)
at org.testng.SuiteRunner.privateRun(SuiteRunner.java:373)
at org.testng.SuiteRunner.run(SuiteRunner.java:312)
at org.testng.SuiteRunnerWorker.runSuite(SuiteRunnerWorker.java:52)
at org.testng.SuiteRunnerWorker.run(SuiteRunnerWorker.java:95)
at org.testng.TestNG.runSuitesSequentially(TestNG.java:1274)
at org.testng.TestNG.runSuitesLocally(TestNG.java:1208)
at org.testng.TestNG.runSuites(TestNG.java:1112)
at org.testng.TestNG.run(TestNG.java:1079)
at org.testng.remote.AbstractRemoteTestNG.run(AbstractRemoteTestNG.java:115)
at org.testng.remote.RemoteTestNG.initAndRun(RemoteTestNG.java:293)
at org.testng.remote.RemoteTestNG.main(RemoteTestNG.java:91)
]]>
            </full-stacktrace>
          </exception> <!-- org.openqa.selenium.NoSuchSessionException -->
          <reporter-output>
            <line>
              <![CDATA[Log: INFO Closing driver]]>
            </line>
          </reporter-output>
        </test-method> <!-- driverTearDown -->
      </class> <!-- Tests.RegisterNewUserTest -->
      <class name="Tests.RegisterNewUserPageFieldCheck">
        <test-method is-config="true" signature="setDriver()[pri:0, instance:Tests.RegisterNewUserPageFieldCheck@7b50df34]" started-at="2025-10-13T01:28:02 BST" name="setDriver" finished-at="2025-10-13T01:28:07 BST" duration-ms="5677" status="PASS">
          <reporter-output>
            <line>
              <![CDATA[Log: INFO Settingup driver]]>
            </line>
          </reporter-output>
        </test-method> <!-- setDriver -->
        <test-method signature="navigateToNewUserPage()[pri:1, instance:Tests.RegisterNewUserPageFieldCheck@7b50df34]" started-at="2025-10-13T01:28:07 BST" name="navigateToNewUserPage" finished-at="2025-10-13T01:28:10 BST" duration-ms="2164" status="PASS">
          <reporter-output>
          </reporter-output>
        </test-method> <!-- navigateToNewUserPage -->
        <test-method signature="verifyWarningError()[pri:2, instance:Tests.RegisterNewUserPageFieldCheck@7b50df34]" started-at="2025-10-13T01:28:10 BST" name="verifyWarningError" finished-at="2025-10-13T01:28:10 BST" duration-ms="80" status="PASS">
          <reporter-output>
          </reporter-output>
        </test-method> <!-- verifyWarningError -->
        <test-method signature="verifyFNameError()[pri:3, instance:Tests.RegisterNewUserPageFieldCheck@7b50df34]" started-at="2025-10-13T01:28:10 BST" name="verifyFNameError" finished-at="2025-10-13T01:28:10 BST" duration-ms="73" status="PASS">
          <reporter-output>
          </reporter-output>
        </test-method> <!-- verifyFNameError -->
        <test-method signature="verifyLNameError()[pri:4, instance:Tests.RegisterNewUserPageFieldCheck@7b50df34]" started-at="2025-10-13T01:28:10 BST" name="verifyLNameError" finished-at="2025-10-13T01:28:10 BST" duration-ms="64" status="PASS">
          <reporter-output>
          </reporter-output>
        </test-method> <!-- verifyLNameError -->
        <test-method signature="verifyEmailError()[pri:5, instance:Tests.RegisterNewUserPageFieldCheck@7b50df34]" started-at="2025-10-13T01:28:10 BST" name="verifyEmailError" finished-at="2025-10-13T01:28:10 BST" duration-ms="50" status="PASS">
          <reporter-output>
          </reporter-output>
        </test-method> <!-- verifyEmailError -->
        <test-method signature="verifyTelephoneError()[pri:6, instance:Tests.RegisterNewUserPageFieldCheck@7b50df34]" started-at="2025-10-13T01:28:10 BST" name="verifyTelephoneError" finished-at="2025-10-13T01:28:10 BST" duration-ms="50" status="PASS">
          <reporter-output>
          </reporter-output>
        </test-method> <!-- verifyTelephoneError -->
        <test-method signature="verifyPasswordError()[pri:7, instance:Tests.RegisterNewUserPageFieldCheck@7b50df34]" started-at="2025-10-13T01:28:10 BST" name="verifyPasswordError" finished-at="2025-10-13T01:28:10 BST" duration-ms="66" status="PASS">
          <reporter-output>
          </reporter-output>
        </test-method> <!-- verifyPasswordError -->
        <test-method signature="passwordMatchErrorVerification()[pri:8, instance:Tests.RegisterNewUserPageFieldCheck@7b50df34]" started-at="2025-10-13T01:28:10 BST" name="passwordMatchErrorVerification" finished-at="2025-10-13T01:28:11 BST" duration-ms="676" status="PASS">
          <reporter-output>
            <line>
              <![CDATA[Log INFO: Email Generated is-------test01_28_11_10_2025@eamil.com]]>
            </line>
          </reporter-output>
        </test-method> <!-- passwordMatchErrorVerification -->
        <test-method signature="verifyEmailAlreadyExistMessage()[pri:9, instance:Tests.RegisterNewUserPageFieldCheck@7b50df34]" started-at="2025-10-13T01:28:11 BST" name="verifyEmailAlreadyExistMessage" finished-at="2025-10-13T01:28:11 BST" duration-ms="267" status="FAIL">
          <exception class="org.openqa.selenium.UnhandledAlertException">
            <message>
              <![CDATA[Unexpected confirmEx dialog detected. Performed handler "dismiss": To display this page, Firefox must send information that will repeat any action (such as a search or order confirmation) that was performed earlier.
Build info: version: '4.36.0', revision: '6d115cfd87'
System info: os.name: 'Mac OS X', os.arch: 'x86_64', os.version: '15.7.1', java.version: '23.0.2'
Driver info: org.openqa.selenium.remote.RemoteWebDriver
Command: [0a633d0f-8d4f-4502-a0ff-a21c8cb440f3, findElement {value=//input[@id='input-lastname'], using=xpath}]
Capabilities {acceptInsecureCerts: true, browserName: firefox, browserVersion: 142.0.1, container:hostname: 9812a3a92ecf, moz:accessibilityChecks: false, moz:buildID: 20250827004350, moz:firefoxOptions: {prefs: {remote.active-protocols: 1}}, moz:geckodriverVersion: 0.36.0, moz:headless: false, moz:platformVersion: 6.15.11-orbstack-00542-g4f4..., moz:processID: 3461, moz:profile: /tmp/rust_mozprofileSCpOgB, moz:shutdownTimeout: 60000, moz:webdriverClick: true, moz:windowless: false, pageLoadStrategy: normal, platformName: linux, proxy: Proxy(), se:bidiEnabled: false, se:cdpEnabled: false, se:containerName: 9812a3a92ecf, se:deleteSessionOnUi: true, se:downloadsEnabled: true, se:noVncPort: 7900, se:vnc: ws://192.168.97.4:4444/sess..., se:vncEnabled: true, se:vncLocalAddress: ws://192.168.97.4:7900, setWindowRect: true, strictFileInteractability: false, timeouts: {implicit: 0, pageLoad: 300000, script: 30000}, unhandledPromptBehavior: dismiss and notify, userAgent: Mozilla/5.0 (X11; Linux x86...}
Session ID: 0a633d0f-8d4f-4502-a0ff-a21c8cb440f3]]>
            </message>
            <full-stacktrace>
              <![CDATA[org.openqa.selenium.UnhandledAlertException: Unexpected confirmEx dialog detected. Performed handler "dismiss": To display this page, Firefox must send information that will repeat any action (such as a search or order confirmation) that was performed earlier.
Build info: version: '4.36.0', revision: '6d115cfd87'
System info: os.name: 'Mac OS X', os.arch: 'x86_64', os.version: '15.7.1', java.version: '23.0.2'
Driver info: org.openqa.selenium.remote.RemoteWebDriver
Command: [0a633d0f-8d4f-4502-a0ff-a21c8cb440f3, findElement {value=//input[@id='input-lastname'], using=xpath}]
Capabilities {acceptInsecureCerts: true, browserName: firefox, browserVersion: 142.0.1, container:hostname: 9812a3a92ecf, moz:accessibilityChecks: false, moz:buildID: 20250827004350, moz:firefoxOptions: {prefs: {remote.active-protocols: 1}}, moz:geckodriverVersion: 0.36.0, moz:headless: false, moz:platformVersion: 6.15.11-orbstack-00542-g4f4..., moz:processID: 3461, moz:profile: /tmp/rust_mozprofileSCpOgB, moz:shutdownTimeout: 60000, moz:webdriverClick: true, moz:windowless: false, pageLoadStrategy: normal, platformName: linux, proxy: Proxy(), se:bidiEnabled: false, se:cdpEnabled: false, se:containerName: 9812a3a92ecf, se:deleteSessionOnUi: true, se:downloadsEnabled: true, se:noVncPort: 7900, se:vnc: ws://192.168.97.4:4444/sess..., se:vncEnabled: true, se:vncLocalAddress: ws://192.168.97.4:7900, setWindowRect: true, strictFileInteractability: false, timeouts: {implicit: 0, pageLoad: 300000, script: 30000}, unhandledPromptBehavior: dismiss and notify, userAgent: Mozilla/5.0 (X11; Linux x86...}
Session ID: 0a633d0f-8d4f-4502-a0ff-a21c8cb440f3
at org.openqa.selenium.remote.codec.w3c.W3CHttpResponseCodec.decode(W3CHttpResponseCodec.java:136)
at org.openqa.selenium.remote.codec.w3c.W3CHttpResponseCodec.decode(W3CHttpResponseCodec.java:50)
at org.openqa.selenium.remote.HttpCommandExecutor.execute(HttpCommandExecutor.java:215)
at org.openqa.selenium.remote.TracedCommandExecutor.execute(TracedCommandExecutor.java:53)
at org.openqa.selenium.remote.RemoteWebDriver.execute(RemoteWebDriver.java:557)
at org.openqa.selenium.remote.ElementLocation$ElementFinder$2.findElement(ElementLocation.java:165)
at org.openqa.selenium.remote.ElementLocation.findElement(ElementLocation.java:59)
at org.openqa.selenium.remote.RemoteWebDriver.findElement(RemoteWebDriver.java:380)
at org.openqa.selenium.remote.RemoteWebDriver.findElement(RemoteWebDriver.java:374)
at org.openqa.selenium.support.ui.ExpectedConditions$7.apply(ExpectedConditions.java:194)
at org.openqa.selenium.support.ui.ExpectedConditions$7.apply(ExpectedConditions.java:190)
at org.openqa.selenium.support.ui.ExpectedConditions$22.apply(ExpectedConditions.java:627)
at org.openqa.selenium.support.ui.ExpectedConditions$22.apply(ExpectedConditions.java:624)
at org.openqa.selenium.support.ui.FluentWait.until(FluentWait.java:203)
at com.helper.Utility.waitForElement(Utility.java:52)
at Pages.RegisterPage.registerNewUserWithExistingEmail(RegisterPage.java:136)
at Tests.RegisterNewUserPageFieldCheck.verifyEmailAlreadyExistMessage(RegisterNewUserPageFieldCheck.java:92)
at java.base/jdk.internal.reflect.DirectMethodHandleAccessor.invoke(DirectMethodHandleAccessor.java:103)
at java.base/java.lang.reflect.Method.invoke(Method.java:580)
at org.testng.internal.invokers.MethodInvocationHelper.invokeMethod(MethodInvocationHelper.java:141)
at org.testng.internal.invokers.TestInvoker.invokeMethod(TestInvoker.java:686)
at org.testng.internal.invokers.TestInvoker.invokeTestMethod(TestInvoker.java:230)
at org.testng.internal.invokers.MethodRunner.runInSequence(MethodRunner.java:63)
at org.testng.internal.invokers.TestInvoker$MethodInvocationAgent.invoke(TestInvoker.java:992)
at org.testng.internal.invokers.TestInvoker.invokeTestMethods(TestInvoker.java:203)
at org.testng.internal.invokers.TestMethodWorker.invokeTestMethods(TestMethodWorker.java:154)
at org.testng.internal.invokers.TestMethodWorker.run(TestMethodWorker.java:134)
at java.base/java.util.ArrayList.forEach(ArrayList.java:1597)
at org.testng.TestRunner.privateRun(TestRunner.java:739)
at org.testng.TestRunner.run(TestRunner.java:614)
at org.testng.SuiteRunner.runTest(SuiteRunner.java:421)
at org.testng.SuiteRunner.runSequentially(SuiteRunner.java:413)
at org.testng.SuiteRunner.privateRun(SuiteRunner.java:373)
at org.testng.SuiteRunner.run(SuiteRunner.java:312)
at org.testng.SuiteRunnerWorker.runSuite(SuiteRunnerWorker.java:52)
at org.testng.SuiteRunnerWorker.run(SuiteRunnerWorker.java:95)
at org.testng.TestNG.runSuitesSequentially(TestNG.java:1274)
at org.testng.TestNG.runSuitesLocally(TestNG.java:1208)
at org.testng.TestNG.runSuites(TestNG.java:1112)
at org.testng.TestNG.run(TestNG.java:1079)
at org.testng.remote.AbstractRemoteTestNG.run(AbstractRemoteTestNG.java:115)
at org.testng.remote.RemoteTestNG.initAndRun(RemoteTestNG.java:293)
at org.testng.remote.RemoteTestNG.main(RemoteTestNG.java:91)
]]>
            </full-stacktrace>
          </exception> <!-- org.openqa.selenium.UnhandledAlertException -->
          <reporter-output>
          </reporter-output>
        </test-method> <!-- verifyEmailAlreadyExistMessage -->
        <test-method signature="verifyHalfEmail2()[pri:11, instance:Tests.RegisterNewUserPageFieldCheck@7b50df34]" started-at="2025-10-13T01:28:12 BST" name="verifyHalfEmail2" finished-at="2025-10-13T01:28:12 BST" duration-ms="175" status="FAIL">
          <exception class="org.openqa.selenium.UnhandledAlertException">
            <message>
              <![CDATA[Unexpected confirmEx dialog detected. Performed handler "dismiss": To display this page, Firefox must send information that will repeat any action (such as a search or order confirmation) that was performed earlier.
Build info: version: '4.36.0', revision: '6d115cfd87'
System info: os.name: 'Mac OS X', os.arch: 'x86_64', os.version: '15.7.1', java.version: '23.0.2'
Driver info: org.openqa.selenium.remote.RemoteWebDriver
Command: [0a633d0f-8d4f-4502-a0ff-a21c8cb440f3, findElement {value=//input[@id='input-firstname'], using=xpath}]
Capabilities {acceptInsecureCerts: true, browserName: firefox, browserVersion: 142.0.1, container:hostname: 9812a3a92ecf, moz:accessibilityChecks: false, moz:buildID: 20250827004350, moz:firefoxOptions: {prefs: {remote.active-protocols: 1}}, moz:geckodriverVersion: 0.36.0, moz:headless: false, moz:platformVersion: 6.15.11-orbstack-00542-g4f4..., moz:processID: 3461, moz:profile: /tmp/rust_mozprofileSCpOgB, moz:shutdownTimeout: 60000, moz:webdriverClick: true, moz:windowless: false, pageLoadStrategy: normal, platformName: linux, proxy: Proxy(), se:bidiEnabled: false, se:cdpEnabled: false, se:containerName: 9812a3a92ecf, se:deleteSessionOnUi: true, se:downloadsEnabled: true, se:noVncPort: 7900, se:vnc: ws://192.168.97.4:4444/sess..., se:vncEnabled: true, se:vncLocalAddress: ws://192.168.97.4:7900, setWindowRect: true, strictFileInteractability: false, timeouts: {implicit: 0, pageLoad: 300000, script: 30000}, unhandledPromptBehavior: dismiss and notify, userAgent: Mozilla/5.0 (X11; Linux x86...}
Session ID: 0a633d0f-8d4f-4502-a0ff-a21c8cb440f3]]>
            </message>
            <full-stacktrace>
              <![CDATA[org.openqa.selenium.UnhandledAlertException: Unexpected confirmEx dialog detected. Performed handler "dismiss": To display this page, Firefox must send information that will repeat any action (such as a search or order confirmation) that was performed earlier.
Build info: version: '4.36.0', revision: '6d115cfd87'
System info: os.name: 'Mac OS X', os.arch: 'x86_64', os.version: '15.7.1', java.version: '23.0.2'
Driver info: org.openqa.selenium.remote.RemoteWebDriver
Command: [0a633d0f-8d4f-4502-a0ff-a21c8cb440f3, findElement {value=//input[@id='input-firstname'], using=xpath}]
Capabilities {acceptInsecureCerts: true, browserName: firefox, browserVersion: 142.0.1, container:hostname: 9812a3a92ecf, moz:accessibilityChecks: false, moz:buildID: 20250827004350, moz:firefoxOptions: {prefs: {remote.active-protocols: 1}}, moz:geckodriverVersion: 0.36.0, moz:headless: false, moz:platformVersion: 6.15.11-orbstack-00542-g4f4..., moz:processID: 3461, moz:profile: /tmp/rust_mozprofileSCpOgB, moz:shutdownTimeout: 60000, moz:webdriverClick: true, moz:windowless: false, pageLoadStrategy: normal, platformName: linux, proxy: Proxy(), se:bidiEnabled: false, se:cdpEnabled: false, se:containerName: 9812a3a92ecf, se:deleteSessionOnUi: true, se:downloadsEnabled: true, se:noVncPort: 7900, se:vnc: ws://192.168.97.4:4444/sess..., se:vncEnabled: true, se:vncLocalAddress: ws://192.168.97.4:7900, setWindowRect: true, strictFileInteractability: false, timeouts: {implicit: 0, pageLoad: 300000, script: 30000}, unhandledPromptBehavior: dismiss and notify, userAgent: Mozilla/5.0 (X11; Linux x86...}
Session ID: 0a633d0f-8d4f-4502-a0ff-a21c8cb440f3
at org.openqa.selenium.remote.codec.w3c.W3CHttpResponseCodec.decode(W3CHttpResponseCodec.java:136)
at org.openqa.selenium.remote.codec.w3c.W3CHttpResponseCodec.decode(W3CHttpResponseCodec.java:50)
at org.openqa.selenium.remote.HttpCommandExecutor.execute(HttpCommandExecutor.java:215)
at org.openqa.selenium.remote.TracedCommandExecutor.execute(TracedCommandExecutor.java:53)
at org.openqa.selenium.remote.RemoteWebDriver.execute(RemoteWebDriver.java:557)
at org.openqa.selenium.remote.ElementLocation$ElementFinder$2.findElement(ElementLocation.java:165)
at org.openqa.selenium.remote.ElementLocation.findElement(ElementLocation.java:59)
at org.openqa.selenium.remote.RemoteWebDriver.findElement(RemoteWebDriver.java:380)
at org.openqa.selenium.remote.RemoteWebDriver.findElement(RemoteWebDriver.java:374)
at org.openqa.selenium.support.ui.ExpectedConditions$7.apply(ExpectedConditions.java:194)
at org.openqa.selenium.support.ui.ExpectedConditions$7.apply(ExpectedConditions.java:190)
at org.openqa.selenium.support.ui.ExpectedConditions$22.apply(ExpectedConditions.java:627)
at org.openqa.selenium.support.ui.ExpectedConditions$22.apply(ExpectedConditions.java:624)
at org.openqa.selenium.support.ui.FluentWait.until(FluentWait.java:203)
at com.helper.Utility.waitForElement(Utility.java:52)
at Pages.RegisterPage.verifyEmailDoesNotAppearVaild(RegisterPage.java:169)
at Tests.RegisterNewUserPageFieldCheck.verifyHalfEmail2(RegisterNewUserPageFieldCheck.java:107)
at java.base/jdk.internal.reflect.DirectMethodHandleAccessor.invoke(DirectMethodHandleAccessor.java:103)
at java.base/java.lang.reflect.Method.invoke(Method.java:580)
at org.testng.internal.invokers.MethodInvocationHelper.invokeMethod(MethodInvocationHelper.java:141)
at org.testng.internal.invokers.TestInvoker.invokeMethod(TestInvoker.java:686)
at org.testng.internal.invokers.TestInvoker.invokeTestMethod(TestInvoker.java:230)
at org.testng.internal.invokers.MethodRunner.runInSequence(MethodRunner.java:63)
at org.testng.internal.invokers.TestInvoker$MethodInvocationAgent.invoke(TestInvoker.java:992)
at org.testng.internal.invokers.TestInvoker.invokeTestMethods(TestInvoker.java:203)
at org.testng.internal.invokers.TestMethodWorker.invokeTestMethods(TestMethodWorker.java:154)
at org.testng.internal.invokers.TestMethodWorker.run(TestMethodWorker.java:134)
at java.base/java.util.ArrayList.forEach(ArrayList.java:1597)
at org.testng.TestRunner.privateRun(TestRunner.java:739)
at org.testng.TestRunner.run(TestRunner.java:614)
at org.testng.SuiteRunner.runTest(SuiteRunner.java:421)
at org.testng.SuiteRunner.runSequentially(SuiteRunner.java:413)
at org.testng.SuiteRunner.privateRun(SuiteRunner.java:373)
at org.testng.SuiteRunner.run(SuiteRunner.java:312)
at org.testng.SuiteRunnerWorker.runSuite(SuiteRunnerWorker.java:52)
at org.testng.SuiteRunnerWorker.run(SuiteRunnerWorker.java:95)
at org.testng.TestNG.runSuitesSequentially(TestNG.java:1274)
at org.testng.TestNG.runSuitesLocally(TestNG.java:1208)
at org.testng.TestNG.runSuites(TestNG.java:1112)
at org.testng.TestNG.run(TestNG.java:1079)
at org.testng.remote.AbstractRemoteTestNG.run(AbstractRemoteTestNG.java:115)
at org.testng.remote.RemoteTestNG.initAndRun(RemoteTestNG.java:293)
at org.testng.remote.RemoteTestNG.main(RemoteTestNG.java:91)
]]>
            </full-stacktrace>
          </exception> <!-- org.openqa.selenium.UnhandledAlertException -->
          <reporter-output>
          </reporter-output>
        </test-method> <!-- verifyHalfEmail2 -->
        <test-method signature="verifyAstarikWithMandatoryFields()[pri:12, instance:Tests.RegisterNewUserPageFieldCheck@7b50df34]" started-at="2025-10-13T01:28:12 BST" name="verifyAstarikWithMandatoryFields" finished-at="2025-10-13T01:28:12 BST" duration-ms="35" status="PASS">
          <reporter-output>
          </reporter-output>
        </test-method> <!-- verifyAstarikWithMandatoryFields -->
        <test-method signature="verifyTrailAndLeadingSpaces()[pri:13, instance:Tests.RegisterNewUserPageFieldCheck@7b50df34]" started-at="2025-10-13T01:28:12 BST" name="verifyTrailAndLeadingSpaces" finished-at="2025-10-13T01:28:12 BST" duration-ms="85" status="FAIL">
          <exception class="org.openqa.selenium.UnhandledAlertException">
            <message>
              <![CDATA[Unexpected confirmEx dialog detected. Performed handler "dismiss": To display this page, Firefox must send information that will repeat any action (such as a search or order confirmation) that was performed earlier.
Build info: version: '4.36.0', revision: '6d115cfd87'
System info: os.name: 'Mac OS X', os.arch: 'x86_64', os.version: '15.7.1', java.version: '23.0.2'
Driver info: org.openqa.selenium.remote.RemoteWebDriver
Command: [0a633d0f-8d4f-4502-a0ff-a21c8cb440f3, findElement {value=//input[@id='input-firstname'], using=xpath}]
Capabilities {acceptInsecureCerts: true, browserName: firefox, browserVersion: 142.0.1, container:hostname: 9812a3a92ecf, moz:accessibilityChecks: false, moz:buildID: 20250827004350, moz:firefoxOptions: {prefs: {remote.active-protocols: 1}}, moz:geckodriverVersion: 0.36.0, moz:headless: false, moz:platformVersion: 6.15.11-orbstack-00542-g4f4..., moz:processID: 3461, moz:profile: /tmp/rust_mozprofileSCpOgB, moz:shutdownTimeout: 60000, moz:webdriverClick: true, moz:windowless: false, pageLoadStrategy: normal, platformName: linux, proxy: Proxy(), se:bidiEnabled: false, se:cdpEnabled: false, se:containerName: 9812a3a92ecf, se:deleteSessionOnUi: true, se:downloadsEnabled: true, se:noVncPort: 7900, se:vnc: ws://192.168.97.4:4444/sess..., se:vncEnabled: true, se:vncLocalAddress: ws://192.168.97.4:7900, setWindowRect: true, strictFileInteractability: false, timeouts: {implicit: 0, pageLoad: 300000, script: 30000}, unhandledPromptBehavior: dismiss and notify, userAgent: Mozilla/5.0 (X11; Linux x86...}
Session ID: 0a633d0f-8d4f-4502-a0ff-a21c8cb440f3]]>
            </message>
            <full-stacktrace>
              <![CDATA[org.openqa.selenium.UnhandledAlertException: Unexpected confirmEx dialog detected. Performed handler "dismiss": To display this page, Firefox must send information that will repeat any action (such as a search or order confirmation) that was performed earlier.
Build info: version: '4.36.0', revision: '6d115cfd87'
System info: os.name: 'Mac OS X', os.arch: 'x86_64', os.version: '15.7.1', java.version: '23.0.2'
Driver info: org.openqa.selenium.remote.RemoteWebDriver
Command: [0a633d0f-8d4f-4502-a0ff-a21c8cb440f3, findElement {value=//input[@id='input-firstname'], using=xpath}]
Capabilities {acceptInsecureCerts: true, browserName: firefox, browserVersion: 142.0.1, container:hostname: 9812a3a92ecf, moz:accessibilityChecks: false, moz:buildID: 20250827004350, moz:firefoxOptions: {prefs: {remote.active-protocols: 1}}, moz:geckodriverVersion: 0.36.0, moz:headless: false, moz:platformVersion: 6.15.11-orbstack-00542-g4f4..., moz:processID: 3461, moz:profile: /tmp/rust_mozprofileSCpOgB, moz:shutdownTimeout: 60000, moz:webdriverClick: true, moz:windowless: false, pageLoadStrategy: normal, platformName: linux, proxy: Proxy(), se:bidiEnabled: false, se:cdpEnabled: false, se:containerName: 9812a3a92ecf, se:deleteSessionOnUi: true, se:downloadsEnabled: true, se:noVncPort: 7900, se:vnc: ws://192.168.97.4:4444/sess..., se:vncEnabled: true, se:vncLocalAddress: ws://192.168.97.4:7900, setWindowRect: true, strictFileInteractability: false, timeouts: {implicit: 0, pageLoad: 300000, script: 30000}, unhandledPromptBehavior: dismiss and notify, userAgent: Mozilla/5.0 (X11; Linux x86...}
Session ID: 0a633d0f-8d4f-4502-a0ff-a21c8cb440f3
at org.openqa.selenium.remote.codec.w3c.W3CHttpResponseCodec.decode(W3CHttpResponseCodec.java:136)
at org.openqa.selenium.remote.codec.w3c.W3CHttpResponseCodec.decode(W3CHttpResponseCodec.java:50)
at org.openqa.selenium.remote.HttpCommandExecutor.execute(HttpCommandExecutor.java:215)
at org.openqa.selenium.remote.TracedCommandExecutor.execute(TracedCommandExecutor.java:53)
at org.openqa.selenium.remote.RemoteWebDriver.execute(RemoteWebDriver.java:557)
at org.openqa.selenium.remote.ElementLocation$ElementFinder$2.findElement(ElementLocation.java:165)
at org.openqa.selenium.remote.ElementLocation.findElement(ElementLocation.java:59)
at org.openqa.selenium.remote.RemoteWebDriver.findElement(RemoteWebDriver.java:380)
at org.openqa.selenium.remote.RemoteWebDriver.findElement(RemoteWebDriver.java:374)
at org.openqa.selenium.support.ui.ExpectedConditions$7.apply(ExpectedConditions.java:194)
at org.openqa.selenium.support.ui.ExpectedConditions$7.apply(ExpectedConditions.java:190)
at org.openqa.selenium.support.ui.ExpectedConditions$22.apply(ExpectedConditions.java:627)
at org.openqa.selenium.support.ui.ExpectedConditions$22.apply(ExpectedConditions.java:624)
at org.openqa.selenium.support.ui.FluentWait.until(FluentWait.java:203)
at com.helper.Utility.waitForElement(Utility.java:52)
at Pages.RegisterPage.verifyRegisterAccountWithLeadingAndTrailingSpaces(RegisterPage.java:270)
at Tests.RegisterNewUserPageFieldCheck.verifyTrailAndLeadingSpaces(RegisterNewUserPageFieldCheck.java:123)
at java.base/jdk.internal.reflect.DirectMethodHandleAccessor.invoke(DirectMethodHandleAccessor.java:103)
at java.base/java.lang.reflect.Method.invoke(Method.java:580)
at org.testng.internal.invokers.MethodInvocationHelper.invokeMethod(MethodInvocationHelper.java:141)
at org.testng.internal.invokers.TestInvoker.invokeMethod(TestInvoker.java:686)
at org.testng.internal.invokers.TestInvoker.invokeTestMethod(TestInvoker.java:230)
at org.testng.internal.invokers.MethodRunner.runInSequence(MethodRunner.java:63)
at org.testng.internal.invokers.TestInvoker$MethodInvocationAgent.invoke(TestInvoker.java:992)
at org.testng.internal.invokers.TestInvoker.invokeTestMethods(TestInvoker.java:203)
at org.testng.internal.invokers.TestMethodWorker.invokeTestMethods(TestMethodWorker.java:154)
at org.testng.internal.invokers.TestMethodWorker.run(TestMethodWorker.java:134)
at java.base/java.util.ArrayList.forEach(ArrayList.java:1597)
at org.testng.TestRunner.privateRun(TestRunner.java:739)
at org.testng.TestRunner.run(TestRunner.java:614)
at org.testng.SuiteRunner.runTest(SuiteRunner.java:421)
at org.testng.SuiteRunner.runSequentially(SuiteRunner.java:413)
at org.testng.SuiteRunner.privateRun(SuiteRunner.java:373)
at org.testng.SuiteRunner.run(SuiteRunner.java:312)
at org.testng.SuiteRunnerWorker.runSuite(SuiteRunnerWorker.java:52)
at org.testng.SuiteRunnerWorker.run(SuiteRunnerWorker.java:95)
at org.testng.TestNG.runSuitesSequentially(TestNG.java:1274)
at org.testng.TestNG.runSuitesLocally(TestNG.java:1208)
at org.testng.TestNG.runSuites(TestNG.java:1112)
at org.testng.TestNG.run(TestNG.java:1079)
at org.testng.remote.AbstractRemoteTestNG.run(AbstractRemoteTestNG.java:115)
at org.testng.remote.RemoteTestNG.initAndRun(RemoteTestNG.java:293)
at org.testng.remote.RemoteTestNG.main(RemoteTestNG.java:91)
]]>
            </full-stacktrace>
          </exception> <!-- org.openqa.selenium.UnhandledAlertException -->
          <reporter-output>
          </reporter-output>
        </test-method> <!-- verifyTrailAndLeadingSpaces -->
        <test-method is-config="true" signature="driverTearDown()[pri:0, instance:Tests.RegisterNewUserPageFieldCheck@7b50df34]" started-at="2025-10-13T01:28:12 BST" name="driverTearDown" finished-at="2025-10-13T01:28:13 BST" duration-ms="1109" status="FAIL">
          <exception class="org.openqa.selenium.NoSuchSessionException">
            <message>
              <![CDATA[Tried to run command without establishing a connection
Build info: version: '4.36.0', revision: '6d115cfd87'
System info: os.name: 'Mac OS X', os.arch: 'x86_64', os.version: '15.7.1', java.version: '23.0.2'
Driver info: org.openqa.selenium.remote.RemoteWebDriver
Command: [0a633d0f-8d4f-4502-a0ff-a21c8cb440f3, quit {}]
Capabilities {acceptInsecureCerts: true, browserName: firefox, browserVersion: 142.0.1, container:hostname: 9812a3a92ecf, moz:accessibilityChecks: false, moz:buildID: 20250827004350, moz:firefoxOptions: {prefs: {remote.active-protocols: 1}}, moz:geckodriverVersion: 0.36.0, moz:headless: false, moz:platformVersion: 6.15.11-orbstack-00542-g4f4..., moz:processID: 3461, moz:profile: /tmp/rust_mozprofileSCpOgB, moz:shutdownTimeout: 60000, moz:webdriverClick: true, moz:windowless: false, pageLoadStrategy: normal, platformName: linux, proxy: Proxy(), se:bidiEnabled: false, se:cdpEnabled: false, se:containerName: 9812a3a92ecf, se:deleteSessionOnUi: true, se:downloadsEnabled: true, se:noVncPort: 7900, se:vnc: ws://192.168.97.4:4444/sess..., se:vncEnabled: true, se:vncLocalAddress: ws://192.168.97.4:7900, setWindowRect: true, strictFileInteractability: false, timeouts: {implicit: 0, pageLoad: 300000, script: 30000}, unhandledPromptBehavior: dismiss and notify, userAgent: Mozilla/5.0 (X11; Linux x86...}
Session ID: 0a633d0f-8d4f-4502-a0ff-a21c8cb440f3]]>
            </message>
            <full-stacktrace>
              <![CDATA[org.openqa.selenium.NoSuchSessionException: Tried to run command without establishing a connection
Build info: version: '4.36.0', revision: '6d115cfd87'
System info: os.name: 'Mac OS X', os.arch: 'x86_64', os.version: '15.7.1', java.version: '23.0.2'
Driver info: org.openqa.selenium.remote.RemoteWebDriver
Command: [0a633d0f-8d4f-4502-a0ff-a21c8cb440f3, quit {}]
Capabilities {acceptInsecureCerts: true, browserName: firefox, browserVersion: 142.0.1, container:hostname: 9812a3a92ecf, moz:accessibilityChecks: false, moz:buildID: 20250827004350, moz:firefoxOptions: {prefs: {remote.active-protocols: 1}}, moz:geckodriverVersion: 0.36.0, moz:headless: false, moz:platformVersion: 6.15.11-orbstack-00542-g4f4..., moz:processID: 3461, moz:profile: /tmp/rust_mozprofileSCpOgB, moz:shutdownTimeout: 60000, moz:webdriverClick: true, moz:windowless: false, pageLoadStrategy: normal, platformName: linux, proxy: Proxy(), se:bidiEnabled: false, se:cdpEnabled: false, se:containerName: 9812a3a92ecf, se:deleteSessionOnUi: true, se:downloadsEnabled: true, se:noVncPort: 7900, se:vnc: ws://192.168.97.4:4444/sess..., se:vncEnabled: true, se:vncLocalAddress: ws://192.168.97.4:7900, setWindowRect: true, strictFileInteractability: false, timeouts: {implicit: 0, pageLoad: 300000, script: 30000}, unhandledPromptBehavior: dismiss and notify, userAgent: Mozilla/5.0 (X11; Linux x86...}
Session ID: 0a633d0f-8d4f-4502-a0ff-a21c8cb440f3
at java.base/jdk.internal.reflect.DirectConstructorHandleAccessor.newInstance(DirectConstructorHandleAccessor.java:62)
at java.base/java.lang.reflect.Constructor.newInstanceWithCaller(Constructor.java:501)
at java.base/java.lang.reflect.Constructor.newInstance(Constructor.java:485)
at org.openqa.selenium.remote.ErrorCodec.decode(ErrorCodec.java:167)
at org.openqa.selenium.remote.codec.w3c.W3CHttpResponseCodec.decode(W3CHttpResponseCodec.java:138)
at org.openqa.selenium.remote.codec.w3c.W3CHttpResponseCodec.decode(W3CHttpResponseCodec.java:50)
at org.openqa.selenium.remote.HttpCommandExecutor.execute(HttpCommandExecutor.java:215)
at org.openqa.selenium.remote.TracedCommandExecutor.execute(TracedCommandExecutor.java:53)
at org.openqa.selenium.remote.RemoteWebDriver.execute(RemoteWebDriver.java:557)
at org.openqa.selenium.remote.RemoteWebDriver.execute(RemoteWebDriver.java:630)
at org.openqa.selenium.remote.RemoteWebDriver.execute(RemoteWebDriver.java:634)
at org.openqa.selenium.remote.RemoteWebDriver.quit(RemoteWebDriver.java:458)
at com.factory.BrowserFactory.closeDriver(BrowserFactory.java:123)
at com.Base.BaseClass.driverTearDown(BaseClass.java:30)
at java.base/jdk.internal.reflect.DirectMethodHandleAccessor.invoke(DirectMethodHandleAccessor.java:103)
at java.base/java.lang.reflect.Method.invoke(Method.java:580)
at org.testng.internal.invokers.MethodInvocationHelper.invokeMethod(MethodInvocationHelper.java:141)
at org.testng.internal.invokers.MethodInvocationHelper.invokeMethodConsideringTimeout(MethodInvocationHelper.java:71)
at org.testng.internal.invokers.ConfigInvoker.invokeConfigurationMethod(ConfigInvoker.java:400)
at org.testng.internal.invokers.ConfigInvoker.invokeConfigurations(ConfigInvoker.java:333)
at org.testng.internal.invokers.TestMethodWorker.invokeAfterClassConfigurations(TestMethodWorker.java:238)
at org.testng.internal.invokers.TestMethodWorker.invokeAfterClassMethods(TestMethodWorker.java:223)
at org.testng.internal.invokers.TestMethodWorker.run(TestMethodWorker.java:137)
at java.base/java.util.ArrayList.forEach(ArrayList.java:1597)
at org.testng.TestRunner.privateRun(TestRunner.java:739)
at org.testng.TestRunner.run(TestRunner.java:614)
at org.testng.SuiteRunner.runTest(SuiteRunner.java:421)
at org.testng.SuiteRunner.runSequentially(SuiteRunner.java:413)
at org.testng.SuiteRunner.privateRun(SuiteRunner.java:373)
at org.testng.SuiteRunner.run(SuiteRunner.java:312)
at org.testng.SuiteRunnerWorker.runSuite(SuiteRunnerWorker.java:52)
at org.testng.SuiteRunnerWorker.run(SuiteRunnerWorker.java:95)
at org.testng.TestNG.runSuitesSequentially(TestNG.java:1274)
at org.testng.TestNG.runSuitesLocally(TestNG.java:1208)
at org.testng.TestNG.runSuites(TestNG.java:1112)
at org.testng.TestNG.run(TestNG.java:1079)
at org.testng.remote.AbstractRemoteTestNG.run(AbstractRemoteTestNG.java:115)
at org.testng.remote.RemoteTestNG.initAndRun(RemoteTestNG.java:293)
at org.testng.remote.RemoteTestNG.main(RemoteTestNG.java:91)
]]>
            </full-stacktrace>
          </exception> <!-- org.openqa.selenium.NoSuchSessionException -->
          <reporter-output>
            <line>
              <![CDATA[Log: INFO Closing driver]]>
            </line>
          </reporter-output>
        </test-method> <!-- driverTearDown -->
      </class> <!-- Tests.RegisterNewUserPageFieldCheck -->
      <class name="Tests.LoginPageFieldsCheck">
        <test-method is-config="true" signature="setDriver()[pri:0, instance:Tests.LoginPageFieldsCheck@7d61eb55]" started-at="2025-10-13T01:27:37 BST" name="setDriver" finished-at="2025-10-13T01:27:43 BST" duration-ms="5943" status="PASS">
          <reporter-output>
            <line>
              <![CDATA[Log: INFO Settingup driver]]>
            </line>
          </reporter-output>
        </test-method> <!-- setDriver -->
        <test-method signature="navigateToLogin()[pri:0, instance:Tests.LoginPageFieldsCheck@7d61eb55]" started-at="2025-10-13T01:27:43 BST" name="navigateToLogin" finished-at="2025-10-13T01:27:43 BST" duration-ms="695" status="PASS">
          <reporter-output>
          </reporter-output>
        </test-method> <!-- navigateToLogin -->
        <test-method signature="checkEmailFieldError()[pri:1, instance:Tests.LoginPageFieldsCheck@7d61eb55]" started-at="2025-10-13T01:27:44 BST" name="checkEmailFieldError" finished-at="2025-10-13T01:27:45 BST" duration-ms="940" status="PASS">
          <reporter-output>
          </reporter-output>
        </test-method> <!-- checkEmailFieldError -->
        <test-method signature="checkPasswordFieldError()[pri:2, instance:Tests.LoginPageFieldsCheck@7d61eb55]" started-at="2025-10-13T01:27:45 BST" name="checkPasswordFieldError" finished-at="2025-10-13T01:27:45 BST" duration-ms="782" status="PASS">
          <reporter-output>
          </reporter-output>
        </test-method> <!-- checkPasswordFieldError -->
        <test-method signature="readListOnRightOfPage()[pri:3, instance:Tests.LoginPageFieldsCheck@7d61eb55]" started-at="2025-10-13T01:27:46 BST" name="readListOnRightOfPage" finished-at="2025-10-13T01:27:46 BST" duration-ms="326" status="PASS">
          <reporter-output>
            <line>
              <![CDATA[Login]]>
            </line>
            <line>
              <![CDATA[Register]]>
            </line>
            <line>
              <![CDATA[Forgotten Password]]>
            </line>
            <line>
              <![CDATA[My Account]]>
            </line>
            <line>
              <![CDATA[Address Book]]>
            </line>
            <line>
              <![CDATA[Wish List]]>
            </line>
            <line>
              <![CDATA[Order History]]>
            </line>
            <line>
              <![CDATA[Downloads]]>
            </line>
            <line>
              <![CDATA[Recurring payments]]>
            </line>
            <line>
              <![CDATA[Reward Points]]>
            </line>
            <line>
              <![CDATA[Returns]]>
            </line>
            <line>
              <![CDATA[Transactions]]>
            </line>
            <line>
              <![CDATA[Newsletter]]>
            </line>
          </reporter-output>
        </test-method> <!-- readListOnRightOfPage -->
        <test-method is-config="true" signature="driverTearDown()[pri:0, instance:Tests.LoginPageFieldsCheck@7d61eb55]" started-at="2025-10-13T01:27:46 BST" name="driverTearDown" finished-at="2025-10-13T01:27:47 BST" duration-ms="1247" status="FAIL">
          <exception class="org.openqa.selenium.NoSuchSessionException">
            <message>
              <![CDATA[Tried to run command without establishing a connection
Build info: version: '4.36.0', revision: '6d115cfd87'
System info: os.name: 'Mac OS X', os.arch: 'x86_64', os.version: '15.7.1', java.version: '23.0.2'
Driver info: org.openqa.selenium.remote.RemoteWebDriver
Command: [ae53e15d-e2ea-43bc-8752-375e8103413f, quit {}]
Capabilities {acceptInsecureCerts: true, browserName: firefox, browserVersion: 142.0.1, container:hostname: 9812a3a92ecf, moz:accessibilityChecks: false, moz:buildID: 20250827004350, moz:firefoxOptions: {prefs: {remote.active-protocols: 1}}, moz:geckodriverVersion: 0.36.0, moz:headless: false, moz:platformVersion: 6.15.11-orbstack-00542-g4f4..., moz:processID: 2731, moz:profile: /tmp/rust_mozprofile4LcuDN, moz:shutdownTimeout: 60000, moz:webdriverClick: true, moz:windowless: false, pageLoadStrategy: normal, platformName: linux, proxy: Proxy(), se:bidiEnabled: false, se:cdpEnabled: false, se:containerName: 9812a3a92ecf, se:deleteSessionOnUi: true, se:downloadsEnabled: true, se:noVncPort: 7900, se:vnc: ws://192.168.97.4:4444/sess..., se:vncEnabled: true, se:vncLocalAddress: ws://192.168.97.4:7900, setWindowRect: true, strictFileInteractability: false, timeouts: {implicit: 0, pageLoad: 300000, script: 30000}, unhandledPromptBehavior: dismiss and notify, userAgent: Mozilla/5.0 (X11; Linux x86...}
Session ID: ae53e15d-e2ea-43bc-8752-375e8103413f]]>
            </message>
            <full-stacktrace>
              <![CDATA[org.openqa.selenium.NoSuchSessionException: Tried to run command without establishing a connection
Build info: version: '4.36.0', revision: '6d115cfd87'
System info: os.name: 'Mac OS X', os.arch: 'x86_64', os.version: '15.7.1', java.version: '23.0.2'
Driver info: org.openqa.selenium.remote.RemoteWebDriver
Command: [ae53e15d-e2ea-43bc-8752-375e8103413f, quit {}]
Capabilities {acceptInsecureCerts: true, browserName: firefox, browserVersion: 142.0.1, container:hostname: 9812a3a92ecf, moz:accessibilityChecks: false, moz:buildID: 20250827004350, moz:firefoxOptions: {prefs: {remote.active-protocols: 1}}, moz:geckodriverVersion: 0.36.0, moz:headless: false, moz:platformVersion: 6.15.11-orbstack-00542-g4f4..., moz:processID: 2731, moz:profile: /tmp/rust_mozprofile4LcuDN, moz:shutdownTimeout: 60000, moz:webdriverClick: true, moz:windowless: false, pageLoadStrategy: normal, platformName: linux, proxy: Proxy(), se:bidiEnabled: false, se:cdpEnabled: false, se:containerName: 9812a3a92ecf, se:deleteSessionOnUi: true, se:downloadsEnabled: true, se:noVncPort: 7900, se:vnc: ws://192.168.97.4:4444/sess..., se:vncEnabled: true, se:vncLocalAddress: ws://192.168.97.4:7900, setWindowRect: true, strictFileInteractability: false, timeouts: {implicit: 0, pageLoad: 300000, script: 30000}, unhandledPromptBehavior: dismiss and notify, userAgent: Mozilla/5.0 (X11; Linux x86...}
Session ID: ae53e15d-e2ea-43bc-8752-375e8103413f
at java.base/jdk.internal.reflect.DirectConstructorHandleAccessor.newInstance(DirectConstructorHandleAccessor.java:62)
at java.base/java.lang.reflect.Constructor.newInstanceWithCaller(Constructor.java:501)
at java.base/java.lang.reflect.Constructor.newInstance(Constructor.java:485)
at org.openqa.selenium.remote.ErrorCodec.decode(ErrorCodec.java:167)
at org.openqa.selenium.remote.codec.w3c.W3CHttpResponseCodec.decode(W3CHttpResponseCodec.java:138)
at org.openqa.selenium.remote.codec.w3c.W3CHttpResponseCodec.decode(W3CHttpResponseCodec.java:50)
at org.openqa.selenium.remote.HttpCommandExecutor.execute(HttpCommandExecutor.java:215)
at org.openqa.selenium.remote.TracedCommandExecutor.execute(TracedCommandExecutor.java:53)
at org.openqa.selenium.remote.RemoteWebDriver.execute(RemoteWebDriver.java:557)
at org.openqa.selenium.remote.RemoteWebDriver.execute(RemoteWebDriver.java:630)
at org.openqa.selenium.remote.RemoteWebDriver.execute(RemoteWebDriver.java:634)
at org.openqa.selenium.remote.RemoteWebDriver.quit(RemoteWebDriver.java:458)
at com.factory.BrowserFactory.closeDriver(BrowserFactory.java:123)
at com.Base.BaseClass.driverTearDown(BaseClass.java:30)
at java.base/jdk.internal.reflect.DirectMethodHandleAccessor.invoke(DirectMethodHandleAccessor.java:103)
at java.base/java.lang.reflect.Method.invoke(Method.java:580)
at org.testng.internal.invokers.MethodInvocationHelper.invokeMethod(MethodInvocationHelper.java:141)
at org.testng.internal.invokers.MethodInvocationHelper.invokeMethodConsideringTimeout(MethodInvocationHelper.java:71)
at org.testng.internal.invokers.ConfigInvoker.invokeConfigurationMethod(ConfigInvoker.java:400)
at org.testng.internal.invokers.ConfigInvoker.invokeConfigurations(ConfigInvoker.java:333)
at org.testng.internal.invokers.TestMethodWorker.invokeAfterClassConfigurations(TestMethodWorker.java:238)
at org.testng.internal.invokers.TestMethodWorker.invokeAfterClassMethods(TestMethodWorker.java:223)
at org.testng.internal.invokers.TestMethodWorker.run(TestMethodWorker.java:137)
at java.base/java.util.ArrayList.forEach(ArrayList.java:1597)
at org.testng.TestRunner.privateRun(TestRunner.java:739)
at org.testng.TestRunner.run(TestRunner.java:614)
at org.testng.SuiteRunner.runTest(SuiteRunner.java:421)
at org.testng.SuiteRunner.runSequentially(SuiteRunner.java:413)
at org.testng.SuiteRunner.privateRun(SuiteRunner.java:373)
at org.testng.SuiteRunner.run(SuiteRunner.java:312)
at org.testng.SuiteRunnerWorker.runSuite(SuiteRunnerWorker.java:52)
at org.testng.SuiteRunnerWorker.run(SuiteRunnerWorker.java:95)
at org.testng.TestNG.runSuitesSequentially(TestNG.java:1274)
at org.testng.TestNG.runSuitesLocally(TestNG.java:1208)
at org.testng.TestNG.runSuites(TestNG.java:1112)
at org.testng.TestNG.run(TestNG.java:1079)
at org.testng.remote.AbstractRemoteTestNG.run(AbstractRemoteTestNG.java:115)
at org.testng.remote.RemoteTestNG.initAndRun(RemoteTestNG.java:293)
at org.testng.remote.RemoteTestNG.main(RemoteTestNG.java:91)
]]>
            </full-stacktrace>
          </exception> <!-- org.openqa.selenium.NoSuchSessionException -->
          <reporter-output>
            <line>
              <![CDATA[Log: INFO Closing driver]]>
            </line>
          </reporter-output>
        </test-method> <!-- driverTearDown -->
      </class> <!-- Tests.LoginPageFieldsCheck -->
      <class name="Tests.LoginTest">
        <test-method is-config="true" signature="setDriver()[pri:0, instance:Tests.LoginTest@38af9828]" started-at="2025-10-13T01:27:26 BST" name="setDriver" finished-at="2025-10-13T01:27:33 BST" duration-ms="7047" status="PASS">
          <reporter-output>
            <line>
              <![CDATA[Log: INFO Settingup driver]]>
            </line>
          </reporter-output>
        </test-method> <!-- setDriver -->
        <test-method signature="navigateToLogin()[pri:0, instance:Tests.LoginTest@38af9828]" started-at="2025-10-13T01:27:33 BST" name="navigateToLogin" finished-at="2025-10-13T01:27:33 BST" duration-ms="639" status="PASS">
          <reporter-output>
          </reporter-output>
        </test-method> <!-- navigateToLogin -->
        <test-method signature="ValidLoginToApp()[pri:1, instance:Tests.LoginTest@38af9828]" started-at="2025-10-13T01:27:33 BST" name="ValidLoginToApp" finished-at="2025-10-13T01:27:35 BST" duration-ms="1473" status="PASS">
          <reporter-output>
          </reporter-output>
        </test-method> <!-- ValidLoginToApp -->
        <test-method signature="logOutOfApp()[pri:2, instance:Tests.LoginTest@38af9828]" started-at="2025-10-13T01:27:35 BST" name="logOutOfApp" finished-at="2025-10-13T01:27:36 BST" duration-ms="934" status="PASS">
          <reporter-output>
          </reporter-output>
        </test-method> <!-- logOutOfApp -->
        <test-method is-config="true" signature="driverTearDown()[pri:0, instance:Tests.LoginTest@38af9828]" started-at="2025-10-13T01:27:36 BST" name="driverTearDown" finished-at="2025-10-13T01:27:37 BST" duration-ms="859" status="FAIL">
          <exception class="org.openqa.selenium.NoSuchSessionException">
            <message>
              <![CDATA[Tried to run command without establishing a connection
Build info: version: '4.36.0', revision: '6d115cfd87'
System info: os.name: 'Mac OS X', os.arch: 'x86_64', os.version: '15.7.1', java.version: '23.0.2'
Driver info: org.openqa.selenium.remote.RemoteWebDriver
Command: [5515fcc9-2383-4777-895a-c3cbc79c021f, quit {}]
Capabilities {acceptInsecureCerts: true, browserName: firefox, browserVersion: 142.0.1, container:hostname: 9812a3a92ecf, moz:accessibilityChecks: false, moz:buildID: 20250827004350, moz:firefoxOptions: {prefs: {remote.active-protocols: 1}}, moz:geckodriverVersion: 0.36.0, moz:headless: false, moz:platformVersion: 6.15.11-orbstack-00542-g4f4..., moz:processID: 2358, moz:profile: /tmp/rust_mozprofileGnB3Gl, moz:shutdownTimeout: 60000, moz:webdriverClick: true, moz:windowless: false, pageLoadStrategy: normal, platformName: linux, proxy: Proxy(), se:bidiEnabled: false, se:cdpEnabled: false, se:containerName: 9812a3a92ecf, se:deleteSessionOnUi: true, se:downloadsEnabled: true, se:noVncPort: 7900, se:vnc: ws://192.168.97.4:4444/sess..., se:vncEnabled: true, se:vncLocalAddress: ws://192.168.97.4:7900, setWindowRect: true, strictFileInteractability: false, timeouts: {implicit: 0, pageLoad: 300000, script: 30000}, unhandledPromptBehavior: dismiss and notify, userAgent: Mozilla/5.0 (X11; Linux x86...}
Session ID: 5515fcc9-2383-4777-895a-c3cbc79c021f]]>
            </message>
            <full-stacktrace>
              <![CDATA[org.openqa.selenium.NoSuchSessionException: Tried to run command without establishing a connection
Build info: version: '4.36.0', revision: '6d115cfd87'
System info: os.name: 'Mac OS X', os.arch: 'x86_64', os.version: '15.7.1', java.version: '23.0.2'
Driver info: org.openqa.selenium.remote.RemoteWebDriver
Command: [5515fcc9-2383-4777-895a-c3cbc79c021f, quit {}]
Capabilities {acceptInsecureCerts: true, browserName: firefox, browserVersion: 142.0.1, container:hostname: 9812a3a92ecf, moz:accessibilityChecks: false, moz:buildID: 20250827004350, moz:firefoxOptions: {prefs: {remote.active-protocols: 1}}, moz:geckodriverVersion: 0.36.0, moz:headless: false, moz:platformVersion: 6.15.11-orbstack-00542-g4f4..., moz:processID: 2358, moz:profile: /tmp/rust_mozprofileGnB3Gl, moz:shutdownTimeout: 60000, moz:webdriverClick: true, moz:windowless: false, pageLoadStrategy: normal, platformName: linux, proxy: Proxy(), se:bidiEnabled: false, se:cdpEnabled: false, se:containerName: 9812a3a92ecf, se:deleteSessionOnUi: true, se:downloadsEnabled: true, se:noVncPort: 7900, se:vnc: ws://192.168.97.4:4444/sess..., se:vncEnabled: true, se:vncLocalAddress: ws://192.168.97.4:7900, setWindowRect: true, strictFileInteractability: false, timeouts: {implicit: 0, pageLoad: 300000, script: 30000}, unhandledPromptBehavior: dismiss and notify, userAgent: Mozilla/5.0 (X11; Linux x86...}
Session ID: 5515fcc9-2383-4777-895a-c3cbc79c021f
at java.base/jdk.internal.reflect.DirectConstructorHandleAccessor.newInstance(DirectConstructorHandleAccessor.java:62)
at java.base/java.lang.reflect.Constructor.newInstanceWithCaller(Constructor.java:501)
at java.base/java.lang.reflect.Constructor.newInstance(Constructor.java:485)
at org.openqa.selenium.remote.ErrorCodec.decode(ErrorCodec.java:167)
at org.openqa.selenium.remote.codec.w3c.W3CHttpResponseCodec.decode(W3CHttpResponseCodec.java:138)
at org.openqa.selenium.remote.codec.w3c.W3CHttpResponseCodec.decode(W3CHttpResponseCodec.java:50)
at org.openqa.selenium.remote.HttpCommandExecutor.execute(HttpCommandExecutor.java:215)
at org.openqa.selenium.remote.TracedCommandExecutor.execute(TracedCommandExecutor.java:53)
at org.openqa.selenium.remote.RemoteWebDriver.execute(RemoteWebDriver.java:557)
at org.openqa.selenium.remote.RemoteWebDriver.execute(RemoteWebDriver.java:630)
at org.openqa.selenium.remote.RemoteWebDriver.execute(RemoteWebDriver.java:634)
at org.openqa.selenium.remote.RemoteWebDriver.quit(RemoteWebDriver.java:458)
at com.factory.BrowserFactory.closeDriver(BrowserFactory.java:123)
at com.Base.BaseClass.driverTearDown(BaseClass.java:30)
at java.base/jdk.internal.reflect.DirectMethodHandleAccessor.invoke(DirectMethodHandleAccessor.java:103)
at java.base/java.lang.reflect.Method.invoke(Method.java:580)
at org.testng.internal.invokers.MethodInvocationHelper.invokeMethod(MethodInvocationHelper.java:141)
at org.testng.internal.invokers.MethodInvocationHelper.invokeMethodConsideringTimeout(MethodInvocationHelper.java:71)
at org.testng.internal.invokers.ConfigInvoker.invokeConfigurationMethod(ConfigInvoker.java:400)
at org.testng.internal.invokers.ConfigInvoker.invokeConfigurations(ConfigInvoker.java:333)
at org.testng.internal.invokers.TestMethodWorker.invokeAfterClassConfigurations(TestMethodWorker.java:238)
at org.testng.internal.invokers.TestMethodWorker.invokeAfterClassMethods(TestMethodWorker.java:223)
at org.testng.internal.invokers.TestMethodWorker.run(TestMethodWorker.java:137)
at java.base/java.util.ArrayList.forEach(ArrayList.java:1597)
at org.testng.TestRunner.privateRun(TestRunner.java:739)
at org.testng.TestRunner.run(TestRunner.java:614)
at org.testng.SuiteRunner.runTest(SuiteRunner.java:421)
at org.testng.SuiteRunner.runSequentially(SuiteRunner.java:413)
at org.testng.SuiteRunner.privateRun(SuiteRunner.java:373)
at org.testng.SuiteRunner.run(SuiteRunner.java:312)
at org.testng.SuiteRunnerWorker.runSuite(SuiteRunnerWorker.java:52)
at org.testng.SuiteRunnerWorker.run(SuiteRunnerWorker.java:95)
at org.testng.TestNG.runSuitesSequentially(TestNG.java:1274)
at org.testng.TestNG.runSuitesLocally(TestNG.java:1208)
at org.testng.TestNG.runSuites(TestNG.java:1112)
at org.testng.TestNG.run(TestNG.java:1079)
at org.testng.remote.AbstractRemoteTestNG.run(AbstractRemoteTestNG.java:115)
at org.testng.remote.RemoteTestNG.initAndRun(RemoteTestNG.java:293)
at org.testng.remote.RemoteTestNG.main(RemoteTestNG.java:91)
]]>
            </full-stacktrace>
          </exception> <!-- org.openqa.selenium.NoSuchSessionException -->
          <reporter-output>
            <line>
              <![CDATA[Log: INFO Closing driver]]>
            </line>
          </reporter-output>
        </test-method> <!-- driverTearDown -->
      </class> <!-- Tests.LoginTest -->
    </test> <!-- /Users/muhammadqaiser/Documents/Automation Stuff/IntelliJ IDEA/openCartProject/Opencart/src/main/java/Tests/RegisterNewUserTest.java -->
  </suite> <!-- All Test Suite -->
</testng-results>
