<?xml version="1.0" encoding="UTF-8"?>
<!-- Generated by org.testng.reporters.JUnitXMLReporter -->
<testsuite ignored="0" hostname="Muhammads-MBP.communityfibre.co.uk" failures="0" tests="2" name="/Users/muhammadqaiser/Documents/Automation Stuff/IntelliJ IDEA/openCartProject/Opencart/src/main/java/Tests/LoginTest.java" time="6.086" errors="0" timestamp="2025-01-21T21:21:58 GMT">
  <testcase classname="Tests.LoginTest" name="navigateToLogin" time="0.632"/>
  <testcase classname="Tests.LoginTest" name="ValidLoginToApp" time="1.228"/>
</testsuite> <!-- /Users/muhammadqaiser/Documents/Automation Stuff/IntelliJ IDEA/openCartProject/Opencart/src/main/java/Tests/LoginTest.java -->
