<?xml version="1.0" encoding="UTF-8"?>
<!-- Generated by org.testng.reporters.JUnitXMLReporter -->
<testsuite ignored="0" hostname="Muhammads-MBP.communityfibre.co.uk" failures="0" tests="22" name="/Users/muhammadqaiser/Documents/Automation Stuff/IntelliJ IDEA/openCartProject/Opencart/src/main/java/Tests/RegisterNewUserTest.java" time="26.293" errors="0" timestamp="2025-01-29T15:27:38 GMT">
  <testcase classname="Tests.LoginTest" name="navigateToLogin" time="0.651"/>
  <testcase classname="Tests.LoginTest" name="ValidLoginToApp" time="1.189"/>
  <testcase classname="Tests.LoginPageFieldsCheck" name="navigateToLogin" time="0.52"/>
  <testcase classname="Tests.LoginPageFieldsCheck" name="checkEmailFieldError" time="0.862"/>
  <testcase classname="Tests.LoginPageFieldsCheck" name="checkPasswordFieldError" time="0.433"/>
  <testcase classname="Tests.LoginPageFieldsCheck" name="readListOnRightOfPage" time="0.126"/>
  <testcase classname="Tests.RegisterNewUserTest" name="newUserPageNavigationByDifferentWays" time="1.524"/>
  <testcase classname="Tests.RegisterNewUserTest" name="registerNewUser" time="1.907"/>
  <testcase classname="Tests.RegisterNewUserTest" name="verifyAccountCreatedText" time="0.046"/>
  <testcase classname="Tests.RegisterNewUserTest" name="verifyCongratulationsText" time="0.029"/>
  <testcase classname="Tests.RegisterNewUserTest" name="verifyAdvantageText" time="0.034"/>
  <testcase classname="Tests.RegisterNewUserTest" name="verifyAnyQuestionText" time="0.037"/>
  <testcase classname="Tests.RegisterNewUserTest" name="verifyConfermationHasBeenSentText" time="0.034"/>
  <testcase classname="Tests.RegisterNewUserTest" name="checkContinueButtonDisplays" time="0.032"/>
  <testcase classname="Tests.RegisterNewUserTest" name="clickOnContinueButton" time="0.519"/>
  <testcase classname="Tests.RegisterNewUserPageFieldCheck" name="navigateToNewUserPage" time="1.216"/>
  <testcase classname="Tests.RegisterNewUserPageFieldCheck" name="verifyWarningError" time="0.053"/>
  <testcase classname="Tests.RegisterNewUserPageFieldCheck" name="verifyFNameError" time="0.04"/>
  <testcase classname="Tests.RegisterNewUserPageFieldCheck" name="verifyLNameError" time="0.036"/>
  <testcase classname="Tests.RegisterNewUserPageFieldCheck" name="verifyEmailError" time="0.033"/>
  <testcase classname="Tests.RegisterNewUserPageFieldCheck" name="verifyTelephoneError" time="0.032"/>
  <testcase classname="Tests.RegisterNewUserPageFieldCheck" name="verifyPasswordError" time="0.032"/>
</testsuite> <!-- /Users/muhammadqaiser/Documents/Automation Stuff/IntelliJ IDEA/openCartProject/Opencart/src/main/java/Tests/RegisterNewUserTest.java -->
