<?xml version="1.0" encoding="UTF-8"?>
<!-- Generated by org.testng.reporters.JUnitXMLReporter -->
<testsuite ignored="0" hostname="Muhammads-MBP.communityfibre.co.uk" failures="0" tests="11" name="/Users/muhammadqaiser/Documents/Automation Stuff/IntelliJ IDEA/openCartProject/Opencart/src/main/java/Tests/RegisterNewUserPageFieldCheck.java" time="19.25" errors="0" timestamp="2025-01-28T16:51:19 GMT">
  <testcase classname="Tests.LoginTest" name="navigateToLogin" time="0.673"/>
  <testcase classname="Tests.LoginTest" name="ValidLoginToApp" time="1.346"/>
  <testcase classname="Tests.RegisterNewUserTest" name="newUserPageNavigationByDifferentWays" time="1.663"/>
  <testcase classname="Tests.RegisterNewUserTest" name="registerNewUser" time="2.097"/>
  <testcase classname="Tests.RegisterNewUserTest" name="verifyAccountCreatedText" time="0.045"/>
  <testcase classname="Tests.RegisterNewUserTest" name="verifyCongratulationsText" time="0.035"/>
  <testcase classname="Tests.RegisterNewUserTest" name="verifyAdvantageText" time="0.039"/>
  <testcase classname="Tests.RegisterNewUserTest" name="verifyAnyQuestionText" time="0.039"/>
  <testcase classname="Tests.RegisterNewUserTest" name="verifyConfermationHasBeenSentText" time="0.043"/>
  <testcase classname="Tests.RegisterNewUserTest" name="checkContinueButtonDisplays" time="0.037"/>
  <testcase classname="Tests.RegisterNewUserTest" name="clickOnContinueButton" time="0.399"/>
</testsuite> <!-- /Users/muhammadqaiser/Documents/Automation Stuff/IntelliJ IDEA/openCartProject/Opencart/src/main/java/Tests/RegisterNewUserPageFieldCheck.java -->
