<?xml version="1.0" encoding="UTF-8"?>
<!-- Generated by org.testng.reporters.JUnitReportReporter -->
<testsuite hostname="Muhammads-MBP.communityfibre.co.uk" failures="0" tests="3" name="Tests.LoginTest" time="2.998" errors="0" timestamp="2025-10-15T13:46:16 BST" skipped="0">
  <testcase classname="Tests.LoginTest" name="navigateToLogin" time="0.711"/>
  <testcase classname="Tests.LoginTest" name="ValidLoginToApp" time="1.397"/>
  <testcase classname="Tests.LoginTest" name="logOutOfApp" time="0.890"/>
  <system-out>
    <![CDATA[Log: INFO Settingup driver
Log: INFO Closing driver
Log: INFO Settingup driver
Log INFO: Email Generated is-------test13_46_11_10_2025@eamil.com
Created the user with NewsLetter option set to Yes, If needed as No Please change in the Config File  
Log: INFO Closing driver]]>
  </system-out>
</testsuite> <!-- Tests.LoginTest -->
