<?xml version="1.0" encoding="UTF-8"?>
<!-- Generated by org.testng.reporters.JUnitReportReporter -->
<testsuite hostname="Muhammads-MBP.communityfibre.co.uk" failures="0" tests="9" name="Tests.RegisterNewUserTest" time="29.544" errors="0" timestamp="2025-07-02T11:07:27 BST" skipped="0">
  <testcase classname="Tests.RegisterNewUserTest" name="newUserPageNavigationByDifferentWays" time="6.439"/>
  <testcase classname="Tests.RegisterNewUserTest" name="registerNewUser" time="14.806">
    <system-out>
      <![CDATA[Log INFO: Email Generated is-------test11_06_31_07_2025@eamil.com
Created the user with NewsLetter option set to Yes, If needed as No Please change in the Config File  ]]>
    </system-out>
  </testcase> <!-- registerNewUser -->
  <testcase classname="Tests.RegisterNewUserTest" name="verifyAccountCreatedText" time="1.065"/>
  <testcase classname="Tests.RegisterNewUserTest" name="verifyCongratulationsText" time="1.047"/>
  <testcase classname="Tests.RegisterNewUserTest" name="verifyAdvantageText" time="1.054"/>
  <testcase classname="Tests.RegisterNewUserTest" name="verifyAnyQuestionText" time="1.084"/>
  <testcase classname="Tests.RegisterNewUserTest" name="verifyConfermationHasBeenSentText" time="1.054"/>
  <testcase classname="Tests.RegisterNewUserTest" name="checkContinueButtonDisplays" time="1.053"/>
  <testcase classname="Tests.RegisterNewUserTest" name="clickOnContinueButton" time="1.942"/>
  <system-out>
    <![CDATA[Log: INFO Settingup driver
Log: INFO Closing driver
Log: INFO Settingup driver
Login
Register
Forgotten Password
My Account
Address Book
Wish List
Order History
Downloads
Recurring payments
Reward Points
Returns
Transactions
Newsletter
Log: INFO Closing driver
Log: INFO Settingup driver
Log INFO: Email Generated is-------test11_06_31_07_2025@eamil.com
Created the user with NewsLetter option set to Yes, If needed as No Please change in the Config File  
Log: INFO Closing driver
Log: INFO Settingup driver
Log INFO: Email Generated is-------test11_07_07_07_2025@eamil.com
Log: INFO Closing driver]]>
  </system-out>
</testsuite> <!-- Tests.RegisterNewUserTest -->
