<?xml version="1.0" encoding="UTF-8"?>
<!-- Generated by org.testng.reporters.JUnitReportReporter -->
<testsuite hostname="Muhammads-MBP.communityfibre.co.uk" failures="0" tests="10" name="Tests.RegisterNewUserTest" time="4.891" errors="0" timestamp="2025-09-21T16:08:47 BST" skipped="1">
  <testcase classname="Tests.RegisterNewUserTest" name="newUserPageNavigationByDifferentWays" time="1.714"/>
  <testcase classname="Tests.RegisterNewUserTest" name="registerNewUser" time="2.604">
    <system-out>
      <![CDATA[Log INFO: Email Generated is-------test16_08_42_09_2025@eamil.com
Created the user with NewsLetter option set to Yes, If needed as No Please change in the Config File  ]]>
    </system-out>
  </testcase> <!-- registerNewUser -->
  <testcase classname="Tests.RegisterNewUserTest" name="verifyAccountCreatedText" time="0.045"/>
  <testcase classname="Tests.RegisterNewUserTest" name="verifyCongratulationsText" time="0.026"/>
  <testcase classname="Tests.RegisterNewUserTest" name="verifyAdvantageText" time="0.029"/>
  <testcase classname="Tests.RegisterNewUserTest" name="verifyAnyQuestionText" time="0.030"/>
  <testcase classname="Tests.RegisterNewUserTest" name="verifyConfermationHasBeenSentText" time="0.030"/>
  <testcase classname="Tests.RegisterNewUserTest" name="checkContinueButtonDisplays" time="0.031"/>
  <testcase classname="Tests.RegisterNewUserTest" name="clickOnContinueButton" time="0.382"/>
  <testcase classname="Tests.RegisterNewUserTest" name="registerUserWithWrongPhoneNumber">
    <skipped/>
  </testcase> <!-- registerUserWithWrongPhoneNumber -->
  <system-out>
    <![CDATA[Log: INFO Settingup driver
Log: INFO Closing driver
Log: INFO Settingup driver
Log INFO: Email Generated is-------test16_08_42_09_2025@eamil.com
Created the user with NewsLetter option set to Yes, If needed as No Please change in the Config File  
Log: INFO Closing driver]]>
  </system-out>
</testsuite> <!-- Tests.RegisterNewUserTest -->
