<?xml version="1.0" encoding="UTF-8"?>
<!-- Generated by org.testng.reporters.JUnitReportReporter -->
<testsuite hostname="Muhammads-MBP.communityfibre.co.uk" failures="0" tests="11" name="Tests.RegisterNewUserPageFieldCheck" time="37.350" errors="0" timestamp="2025-07-07T00:03:12 BST" skipped="1">
  <testcase classname="Tests.RegisterNewUserPageFieldCheck" name="navigateToNewUserPage" time="3.944"/>
  <testcase classname="Tests.RegisterNewUserPageFieldCheck" name="verifyWarningError" time="1.079"/>
  <testcase classname="Tests.RegisterNewUserPageFieldCheck" name="verifyFNameError" time="1.060"/>
  <testcase classname="Tests.RegisterNewUserPageFieldCheck" name="verifyLNameError" time="1.064"/>
  <testcase classname="Tests.RegisterNewUserPageFieldCheck" name="verifyEmailError" time="1.063"/>
  <testcase classname="Tests.RegisterNewUserPageFieldCheck" name="verifyTelephoneError" time="1.059"/>
  <testcase classname="Tests.RegisterNewUserPageFieldCheck" name="verifyPasswordError" time="1.058"/>
  <testcase classname="Tests.RegisterNewUserPageFieldCheck" name="passwordMatchErrorVerification" time="7.764">
    <system-out>
      <![CDATA[Log INFO: Email Generated is-------test00_02_47_07_2025@eamil.com]]>
    </system-out>
  </testcase> <!-- passwordMatchErrorVerification -->
  <testcase classname="Tests.RegisterNewUserPageFieldCheck" name="verifyEmailAlreadyExistMessage" time="9.594"/>
  <testcase classname="Tests.RegisterNewUserPageFieldCheck" name="verifyHalfEmail2" time="9.665"/>
  <testcase classname="Tests.RegisterNewUserPageFieldCheck" name="verifyHalfEmail1">
    <skipped/>
  </testcase> <!-- verifyHalfEmail1 -->
  <system-out>
    <![CDATA[Log: INFO Settingup driver
Log INFO: Email Generated is-------test00_02_47_07_2025@eamil.com
Log: INFO Closing driver]]>
  </system-out>
</testsuite> <!-- Tests.RegisterNewUserPageFieldCheck -->
