<?xml version="1.0" encoding="UTF-8"?>
<!-- Generated by org.testng.reporters.JUnitReportReporter -->
<testsuite hostname="Muhammads-MBP.communityfibre.co.uk" failures="0" tests="12" name="Tests.RegisterNewUserPageFieldCheck" time="5.544" errors="0" timestamp="2025-09-21T16:07:14 BST" skipped="1">
  <testcase classname="Tests.RegisterNewUserPageFieldCheck" name="navigateToNewUserPage" time="2.088"/>
  <testcase classname="Tests.RegisterNewUserPageFieldCheck" name="verifyWarningError" time="0.040"/>
  <testcase classname="Tests.RegisterNewUserPageFieldCheck" name="verifyFNameError" time="0.032"/>
  <testcase classname="Tests.RegisterNewUserPageFieldCheck" name="verifyLNameError" time="0.029"/>
  <testcase classname="Tests.RegisterNewUserPageFieldCheck" name="verifyEmailError" time="0.029"/>
  <testcase classname="Tests.RegisterNewUserPageFieldCheck" name="verifyTelephoneError" time="0.030"/>
  <testcase classname="Tests.RegisterNewUserPageFieldCheck" name="verifyPasswordError" time="0.031"/>
  <testcase classname="Tests.RegisterNewUserPageFieldCheck" name="passwordMatchErrorVerification" time="0.733">
    <system-out>
      <![CDATA[Log INFO: Email Generated is-------test16_07_08_09_2025@eamil.com]]>
    </system-out>
  </testcase> <!-- passwordMatchErrorVerification -->
  <testcase classname="Tests.RegisterNewUserPageFieldCheck" name="verifyEmailAlreadyExistMessage" time="1.396"/>
  <testcase classname="Tests.RegisterNewUserPageFieldCheck" name="verifyHalfEmail2" time="1.099"/>
  <testcase classname="Tests.RegisterNewUserPageFieldCheck" name="verifyAstarikWithMandatoryFields" time="0.037"/>
  <testcase classname="Tests.RegisterNewUserPageFieldCheck" name="verifyHalfEmail1">
    <skipped/>
  </testcase> <!-- verifyHalfEmail1 -->
  <system-out>
    <![CDATA[Log: INFO Settingup driver
Log: INFO Closing driver
Log: INFO Settingup driver
Login
Register
Forgotten Password
My Account
Address Book
Wish List
Order History
Downloads
Recurring payments
Reward Points
Returns
Transactions
Newsletter
Log: INFO Closing driver
Log: INFO Settingup driver
Log INFO: Email Generated is-------test16_06_53_09_2025@eamil.com
Created the user with NewsLetter option set to Yes, If needed as No Please change in the Config File  
Log: INFO Closing driver
Log: INFO Settingup driver
Log INFO: Email Generated is-------test16_07_08_09_2025@eamil.com
Log: INFO Closing driver]]>
  </system-out>
</testsuite> <!-- Tests.RegisterNewUserPageFieldCheck -->
