<?xml version="1.0" encoding="UTF-8"?>
<!-- Generated by org.testng.reporters.JUnitReportReporter -->
<testsuite hostname="Muhammads-MBP.communityfibre.co.uk" failures="0" tests="4" name="Tests.LoginPageFieldsCheck" time="3.490" errors="0" timestamp="2025-10-21T14:33:28 BST" skipped="0">
  <testcase classname="Tests.LoginPageFieldsCheck" name="navigateToLogin" time="0.938"/>
  <testcase classname="Tests.LoginPageFieldsCheck" name="checkEmailFieldError" time="1.388"/>
  <testcase classname="Tests.LoginPageFieldsCheck" name="checkPasswordFieldError" time="1.041"/>
  <testcase classname="Tests.LoginPageFieldsCheck" name="readListOnRightOfPage" time="0.123">
    <system-out>
      <![CDATA[Login
Register
Forgotten Password
My Account
Address Book
Wish List
Order History
Downloads
Recurring payments
Reward Points
Returns
Transactions
Newsletter]]>
    </system-out>
  </testcase> <!-- readListOnRightOfPage -->
  <system-out>
    <![CDATA[Log: INFO Settingup driver
Log: INFO Closing driver
Log: INFO Settingup driver
Login
Register
Forgotten Password
My Account
Address Book
Wish List
Order History
Downloads
Recurring payments
Reward Points
Returns
Transactions
Newsletter
Log: INFO Closing driver
Log: INFO Settingup driver
Log INFO: Email Generated is-------test14_33_04_10_2025@eamil.com
Created the user with NewsLetter option set to Yes, If needed as No Please change in the Config File  
Log: INFO Closing driver
Log: INFO Settingup driver
Log INFO: Email Generated is-------test14_33_23_10_2025@eamil.com
Log: INFO Closing driver]]>
  </system-out>
</testsuite> <!-- Tests.LoginPageFieldsCheck -->
